2019-01-09 01:12:20.605  INFO Abhideep-PC
			--- [nio-7191-exec-6] c.o.b.b.s.BookingServiceImpl             : getBookings -- START
2019-01-09 01:12:20.615  INFO Abhideep-PC
			--- [nio-7191-exec-6] c.o.b.b.c.BookingConverter               : entityListToModelList -- START
2019-01-09 01:12:20.615  INFO Abhideep-PC
			--- [nio-7191-exec-6] c.o.b.b.c.BookingConverter               : entityListToModelList -- END
2019-01-09 01:12:20.615  INFO Abhideep-PC
			--- [nio-7191-exec-6] c.o.b.b.s.BookingServiceImpl             : getBookings -- END
2019-01-09 01:12:20.616  INFO Abhideep-PC
			--- [nio-7191-exec-6] c.o.b.b.c.BookingController              : getBookings -- END
2019-01-09 01:13:42.392  INFO Abhideep-PC
			--- [nio-7191-exec-9] c.o.b.b.c.BookingController              : getBookings -- START
2019-01-09 01:13:42.399  INFO Abhideep-PC
			--- [nio-7191-exec-9] c.o.b.b.s.BookingServiceImpl             : getBookings -- START
2019-01-09 01:13:42.403  INFO Abhideep-PC
			--- [nio-7191-exec-9] c.o.b.b.c.BookingConverter               : entityListToModelList -- START
2019-01-09 01:13:42.404  INFO Abhideep-PC
			--- [nio-7191-exec-9] c.o.b.b.c.BookingConverter               : entityListToModelList -- END
2019-01-09 01:13:42.404  INFO Abhideep-PC
			--- [nio-7191-exec-9] c.o.b.b.s.BookingServiceImpl             : getBookings -- END
2019-01-09 01:13:42.404  INFO Abhideep-PC
			--- [nio-7191-exec-9] c.o.b.b.c.BookingController              : getBookings -- END
2019-01-09 01:16:24.599  INFO Abhideep-PC
			--- [io-7191-exec-10] c.o.b.b.c.BookingController              : getBookings -- START
2019-01-09 01:16:24.604  INFO Abhideep-PC
			--- [io-7191-exec-10] c.o.b.b.s.BookingServiceImpl             : getBookings -- START
2019-01-09 01:16:24.608  INFO Abhideep-PC
			--- [io-7191-exec-10] c.o.b.b.c.BookingConverter               : entityListToModelList -- START
2019-01-09 01:16:24.608  INFO Abhideep-PC
			--- [io-7191-exec-10] c.o.b.b.c.BookingConverter               : entityListToModelList -- END
2019-01-09 01:16:24.608  INFO Abhideep-PC
			--- [io-7191-exec-10] c.o.b.b.s.BookingServiceImpl             : getBookings -- END
2019-01-09 01:16:24.608  INFO Abhideep-PC
			--- [io-7191-exec-10] c.o.b.b.c.BookingController              : getBookings -- END
2019-01-09 01:20:11.057  INFO Abhideep-PC
			--- [nio-7191-exec-1] c.o.b.b.c.BookingController              : getBookings -- START
2019-01-09 01:20:11.062  INFO Abhideep-PC
			--- [nio-7191-exec-1] c.o.b.b.s.BookingServiceImpl             : getBookings -- START
2019-01-09 01:20:11.063  INFO Abhideep-PC
			--- [nio-7191-exec-1] c.o.b.b.c.BookingConverter               : entityListToModelList -- START
2019-01-09 01:20:11.063  INFO Abhideep-PC
			--- [nio-7191-exec-1] c.o.b.b.c.BookingConverter               : entityListToModelList -- END
2019-01-09 01:20:11.063  INFO Abhideep-PC
			--- [nio-7191-exec-1] c.o.b.b.s.BookingServiceImpl             : getBookings -- END
2019-01-09 01:20:11.064  INFO Abhideep-PC
			--- [nio-7191-exec-1] c.o.b.b.c.BookingController              : getBookings -- END
2019-01-09 01:22:05.846  INFO Abhideep-PC
			--- [nio-7191-exec-5] c.o.b.b.c.BookingController              : getBookings -- START
2019-01-09 01:22:05.855  INFO Abhideep-PC
			--- [nio-7191-exec-5] c.o.b.b.s.BookingServiceImpl             : getBookings -- START
2019-01-09 01:22:05.859  INFO Abhideep-PC
			--- [nio-7191-exec-5] c.o.b.b.c.BookingConverter               : entityListToModelList -- START
2019-01-09 01:22:05.859  INFO Abhideep-PC
			--- [nio-7191-exec-5] c.o.b.b.c.BookingConverter               : entityListToModelList -- END
2019-01-09 01:22:05.859  INFO Abhideep-PC
			--- [nio-7191-exec-5] c.o.b.b.s.BookingServiceImpl             : getBookings -- END
2019-01-09 01:22:05.860  INFO Abhideep-PC
			--- [nio-7191-exec-5] c.o.b.b.c.BookingController              : getBookings -- END
2019-01-09 01:22:18.994  INFO Abhideep-PC
			--- [nio-7191-exec-8] c.o.b.b.c.BookingController              : getBookings -- START
2019-01-09 01:22:18.998  INFO Abhideep-PC
			--- [nio-7191-exec-8] c.o.b.b.s.BookingServiceImpl             : getBookings -- START
2019-01-09 01:22:19.002  INFO Abhideep-PC
			--- [nio-7191-exec-8] c.o.b.b.c.BookingConverter               : entityListToModelList -- START
2019-01-09 01:22:19.002  INFO Abhideep-PC
			--- [nio-7191-exec-8] c.o.b.b.c.BookingConverter               : entityListToModelList -- END
2019-01-09 01:22:19.002  INFO Abhideep-PC
			--- [nio-7191-exec-8] c.o.b.b.s.BookingServiceImpl             : getBookings -- END
2019-01-09 01:22:19.002  INFO Abhideep-PC
			--- [nio-7191-exec-8] c.o.b.b.c.BookingController              : getBookings -- END
2019-01-09 01:22:32.874  INFO Abhideep-PC
			--- [nio-7191-exec-3] c.o.b.b.c.BookingController              : getBookings -- START
2019-01-09 01:22:32.882  INFO Abhideep-PC
			--- [nio-7191-exec-3] c.o.b.b.s.BookingServiceImpl             : getBookings -- START
2019-01-09 01:22:32.883  INFO Abhideep-PC
			--- [nio-7191-exec-3] c.o.b.b.c.BookingConverter               : entityListToModelList -- START
2019-01-09 01:22:32.883  INFO Abhideep-PC
			--- [nio-7191-exec-3] c.o.b.b.c.BookingConverter               : entityListToModelList -- END
2019-01-09 01:22:32.883  INFO Abhideep-PC
			--- [nio-7191-exec-3] c.o.b.b.s.BookingServiceImpl             : getBookings -- END
2019-01-09 01:22:32.884  INFO Abhideep-PC
			--- [nio-7191-exec-3] c.o.b.b.c.BookingController              : getBookings -- END
2019-01-09 01:22:52.819  INFO Abhideep-PC
			--- [nio-7191-exec-2] c.o.b.b.c.BookingController              : getBookings -- START
2019-01-09 01:22:52.824  INFO Abhideep-PC
			--- [nio-7191-exec-2] c.o.b.b.s.BookingServiceImpl             : getBookings -- START
2019-01-09 01:22:52.825  INFO Abhideep-PC
			--- [nio-7191-exec-2] c.o.b.b.c.BookingConverter               : entityListToModelList -- START
2019-01-09 01:22:52.825  INFO Abhideep-PC
			--- [nio-7191-exec-2] c.o.b.b.c.BookingConverter               : entityListToModelList -- END
2019-01-09 01:22:52.825  INFO Abhideep-PC
			--- [nio-7191-exec-2] c.o.b.b.s.BookingServiceImpl             : getBookings -- END
2019-01-09 01:22:52.826  INFO Abhideep-PC
			--- [nio-7191-exec-2] c.o.b.b.c.BookingController              : getBookings -- END
2019-01-09 01:31:57.517  INFO Abhideep-PC
			--- [nio-7191-exec-4] c.o.b.b.c.BookingController              : getBookings -- START
2019-01-09 01:31:57.523  INFO Abhideep-PC
			--- [nio-7191-exec-4] c.o.b.b.s.BookingServiceImpl             : getBookings -- START
2019-01-09 01:31:57.523  INFO Abhideep-PC
			--- [nio-7191-exec-4] c.o.b.b.c.BookingConverter               : entityListToModelList -- START
2019-01-09 01:31:57.523  INFO Abhideep-PC
			--- [nio-7191-exec-4] c.o.b.b.c.BookingConverter               : entityListToModelList -- END
2019-01-09 01:31:57.524  INFO Abhideep-PC
			--- [nio-7191-exec-4] c.o.b.b.s.BookingServiceImpl             : getBookings -- END
2019-01-09 01:31:57.524  INFO Abhideep-PC
			--- [nio-7191-exec-4] c.o.b.b.c.BookingController              : getBookings -- END
2019-01-09 01:38:02.671  INFO Abhideep-PC
			--- [nio-7191-exec-7] c.o.b.b.c.BookingController              : getBookings -- START
2019-01-09 01:38:02.676  INFO Abhideep-PC
			--- [nio-7191-exec-7] c.o.b.b.s.BookingServiceImpl             : getBookings -- START
2019-01-09 01:38:02.677  INFO Abhideep-PC
			--- [nio-7191-exec-7] c.o.b.b.c.BookingConverter               : entityListToModelList -- START
2019-01-09 01:38:02.677  INFO Abhideep-PC
			--- [nio-7191-exec-7] c.o.b.b.c.BookingConverter               : entityListToModelList -- END
2019-01-09 01:38:02.677  INFO Abhideep-PC
			--- [nio-7191-exec-7] c.o.b.b.s.BookingServiceImpl             : getBookings -- END
2019-01-09 01:38:02.677  INFO Abhideep-PC
			--- [nio-7191-exec-7] c.o.b.b.c.BookingController              : getBookings -- END
2019-01-09 01:39:17.121  INFO Abhideep-PC
			--- [nio-7191-exec-6] c.o.b.b.c.BookingController              : getBookings -- START
2019-01-09 01:39:17.126  INFO Abhideep-PC
			--- [nio-7191-exec-6] c.o.b.b.s.BookingServiceImpl             : getBookings -- START
2019-01-09 01:39:17.127  INFO Abhideep-PC
			--- [nio-7191-exec-6] c.o.b.b.c.BookingConverter               : entityListToModelList -- START
2019-01-09 01:39:17.127  INFO Abhideep-PC
			--- [nio-7191-exec-6] c.o.b.b.c.BookingConverter               : entityListToModelList -- END
2019-01-09 01:39:17.127  INFO Abhideep-PC
			--- [nio-7191-exec-6] c.o.b.b.s.BookingServiceImpl             : getBookings -- END
2019-01-09 01:39:17.127  INFO Abhideep-PC
			--- [nio-7191-exec-6] c.o.b.b.c.BookingController              : getBookings -- END
2019-01-09 01:39:35.468  INFO Abhideep-PC
			--- [nio-7191-exec-9] c.o.b.b.c.BookingController              : getBookings -- START
2019-01-09 01:39:35.475  INFO Abhideep-PC
			--- [nio-7191-exec-9] c.o.b.b.s.BookingServiceImpl             : getBookings -- START
2019-01-09 01:39:35.476  INFO Abhideep-PC
			--- [nio-7191-exec-9] c.o.b.b.c.BookingConverter               : entityListToModelList -- START
2019-01-09 01:39:35.476  INFO Abhideep-PC
			--- [nio-7191-exec-9] c.o.b.b.c.BookingConverter               : entityListToModelList -- END
2019-01-09 01:39:35.476  INFO Abhideep-PC
			--- [nio-7191-exec-9] c.o.b.b.s.BookingServiceImpl             : getBookings -- END
2019-01-09 01:39:35.477  INFO Abhideep-PC
			--- [nio-7191-exec-9] c.o.b.b.c.BookingController              : getBookings -- END
2019-01-09 01:41:59.833  INFO Abhideep-PC
			--- [nio-7191-exec-1] c.o.b.b.c.BookingController              : getBookings -- START
2019-01-09 01:41:59.838  INFO Abhideep-PC
			--- [nio-7191-exec-1] c.o.b.b.s.BookingServiceImpl             : getBookings -- START
2019-01-09 01:41:59.839  INFO Abhideep-PC
			--- [nio-7191-exec-1] c.o.b.b.c.BookingConverter               : entityListToModelList -- START
2019-01-09 01:41:59.839  INFO Abhideep-PC
			--- [nio-7191-exec-1] c.o.b.b.c.BookingConverter               : entityListToModelList -- END
2019-01-09 01:41:59.839  INFO Abhideep-PC
			--- [nio-7191-exec-1] c.o.b.b.s.BookingServiceImpl             : getBookings -- END
2019-01-09 01:41:59.840  INFO Abhideep-PC
			--- [nio-7191-exec-1] c.o.b.b.c.BookingController              : getBookings -- END
2019-01-09 01:45:16.660  INFO Abhideep-PC
			--- [nio-7191-exec-5] c.o.b.b.c.BookingController              : getBookings -- START
2019-01-09 01:45:16.665  INFO Abhideep-PC
			--- [nio-7191-exec-5] c.o.b.b.s.BookingServiceImpl             : getBookings -- START
2019-01-09 01:45:16.666  INFO Abhideep-PC
			--- [nio-7191-exec-5] c.o.b.b.c.BookingConverter               : entityListToModelList -- START
2019-01-09 01:45:16.666  INFO Abhideep-PC
			--- [nio-7191-exec-5] c.o.b.b.c.BookingConverter               : entityListToModelList -- END
2019-01-09 01:45:16.666  INFO Abhideep-PC
			--- [nio-7191-exec-5] c.o.b.b.s.BookingServiceImpl             : getBookings -- END
2019-01-09 01:45:16.666  INFO Abhideep-PC
			--- [nio-7191-exec-5] c.o.b.b.c.BookingController              : getBookings -- END
2019-01-09 01:45:44.415  INFO Abhideep-PC
			--- [nio-7191-exec-8] c.o.b.b.c.BookingController              : getBookings -- START
2019-01-09 01:45:44.421  INFO Abhideep-PC
			--- [nio-7191-exec-8] c.o.b.b.s.BookingServiceImpl             : getBookings -- START
2019-01-09 01:45:44.425  INFO Abhideep-PC
			--- [nio-7191-exec-8] c.o.b.b.c.BookingConverter               : entityListToModelList -- START
2019-01-09 01:45:44.425  INFO Abhideep-PC
			--- [nio-7191-exec-8] c.o.b.b.c.BookingConverter               : entityListToModelList -- END
2019-01-09 01:45:44.425  INFO Abhideep-PC
			--- [nio-7191-exec-8] c.o.b.b.s.BookingServiceImpl             : getBookings -- END
2019-01-09 01:45:44.425  INFO Abhideep-PC
			--- [nio-7191-exec-8] c.o.b.b.c.BookingController              : getBookings -- END
2019-01-09 01:47:21.944  INFO Abhideep-PC
			--- [nio-7191-exec-3] c.o.b.b.c.BookingController              : getBookings -- START
2019-01-09 01:47:21.951  INFO Abhideep-PC
			--- [nio-7191-exec-3] c.o.b.b.s.BookingServiceImpl             : getBookings -- START
2019-01-09 01:47:21.952  INFO Abhideep-PC
			--- [nio-7191-exec-3] c.o.b.b.c.BookingConverter               : entityListToModelList -- START
2019-01-09 01:47:21.952  INFO Abhideep-PC
			--- [nio-7191-exec-3] c.o.b.b.c.BookingConverter               : entityListToModelList -- END
2019-01-09 01:47:21.952  INFO Abhideep-PC
			--- [nio-7191-exec-3] c.o.b.b.s.BookingServiceImpl             : getBookings -- END
2019-01-09 01:47:21.953  INFO Abhideep-PC
			--- [nio-7191-exec-3] c.o.b.b.c.BookingController              : getBookings -- END
2019-01-09 01:50:05.658  INFO Abhideep-PC
			--- [nio-7191-exec-2] c.o.b.b.c.BookingController              : getBookings -- START
2019-01-09 01:50:05.663  INFO Abhideep-PC
			--- [nio-7191-exec-2] c.o.b.b.s.BookingServiceImpl             : getBookings -- START
2019-01-09 01:50:05.664  INFO Abhideep-PC
			--- [nio-7191-exec-2] c.o.b.b.c.BookingConverter               : entityListToModelList -- START
2019-01-09 01:50:05.664  INFO Abhideep-PC
			--- [nio-7191-exec-2] c.o.b.b.c.BookingConverter               : entityListToModelList -- END
2019-01-09 01:50:05.664  INFO Abhideep-PC
			--- [nio-7191-exec-2] c.o.b.b.s.BookingServiceImpl             : getBookings -- END
2019-01-09 01:50:05.666  INFO Abhideep-PC
			--- [nio-7191-exec-2] c.o.b.b.c.BookingController              : getBookings -- END
2019-01-09 01:51:44.579  INFO Abhideep-PC
			--- [nio-7191-exec-7] c.o.b.b.c.BookingController              : getBookings -- START
2019-01-09 01:51:44.584  INFO Abhideep-PC
			--- [nio-7191-exec-7] c.o.b.b.s.BookingServiceImpl             : getBookings -- START
2019-01-09 01:51:44.585  INFO Abhideep-PC
			--- [nio-7191-exec-7] c.o.b.b.c.BookingConverter               : entityListToModelList -- START
2019-01-09 01:51:44.585  INFO Abhideep-PC
			--- [nio-7191-exec-7] c.o.b.b.c.BookingConverter               : entityListToModelList -- END
2019-01-09 01:51:44.585  INFO Abhideep-PC
			--- [nio-7191-exec-7] c.o.b.b.s.BookingServiceImpl             : getBookings -- END
2019-01-09 01:51:44.585  INFO Abhideep-PC
			--- [nio-7191-exec-7] c.o.b.b.c.BookingController              : getBookings -- END
2019-01-09 01:52:53.458  INFO Abhideep-PC
			--- [nio-7191-exec-6] c.o.b.b.c.BookingController              : getBookings -- START
2019-01-09 01:52:53.464  INFO Abhideep-PC
			--- [nio-7191-exec-6] c.o.b.b.s.BookingServiceImpl             : getBookings -- START
2019-01-09 01:52:53.465  INFO Abhideep-PC
			--- [nio-7191-exec-6] c.o.b.b.c.BookingConverter               : entityListToModelList -- START
2019-01-09 01:52:53.465  INFO Abhideep-PC
			--- [nio-7191-exec-6] c.o.b.b.c.BookingConverter               : entityListToModelList -- END
2019-01-09 01:52:53.465  INFO Abhideep-PC
			--- [nio-7191-exec-6] c.o.b.b.s.BookingServiceImpl             : getBookings -- END
2019-01-09 01:52:53.466  INFO Abhideep-PC
			--- [nio-7191-exec-6] c.o.b.b.c.BookingController              : getBookings -- END
2019-01-09 01:54:17.917  INFO Abhideep-PC
			--- [nio-7191-exec-9] c.o.b.b.c.BookingController              : getBookings -- START
2019-01-09 01:54:17.921  INFO Abhideep-PC
			--- [nio-7191-exec-9] c.o.b.b.s.BookingServiceImpl             : getBookings -- START
2019-01-09 01:54:17.922  INFO Abhideep-PC
			--- [nio-7191-exec-9] c.o.b.b.c.BookingConverter               : entityListToModelList -- START
2019-01-09 01:54:17.922  INFO Abhideep-PC
			--- [nio-7191-exec-9] c.o.b.b.c.BookingConverter               : entityListToModelList -- END
2019-01-09 01:54:17.922  INFO Abhideep-PC
			--- [nio-7191-exec-9] c.o.b.b.s.BookingServiceImpl             : getBookings -- END
2019-01-09 01:54:17.923  INFO Abhideep-PC
			--- [nio-7191-exec-9] c.o.b.b.c.BookingController              : getBookings -- END
2019-01-09 22:31:58.498  INFO Abhideep-PC
			--- [nio-7191-exec-4] c.o.b.b.c.BookingController              : getBookings -- START
2019-01-09 22:31:58.539  INFO Abhideep-PC
			--- [nio-7191-exec-4] c.o.b.b.s.BookingServiceImpl             : getBookings -- START
2019-01-09 22:31:58.744  INFO Abhideep-PC
			--- [nio-7191-exec-4] c.o.b.b.c.BookingConverter               : entityListToModelList -- START
2019-01-09 22:31:58.744  INFO Abhideep-PC
			--- [nio-7191-exec-4] c.o.b.b.c.BookingConverter               : entityToModel -- START
2019-01-09 22:31:58.784  INFO Abhideep-PC
			--- [nio-7191-exec-4] c.o.b.b.c.BookingVsRoomConverter         : entityListToModelList -- START
2019-01-09 22:31:58.815  INFO Abhideep-PC
			--- [nio-7191-exec-4] c.o.b.b.c.BookingVsRoomConverter         : entityToModel -- START
2019-01-09 22:31:58.950  INFO Abhideep-PC
			--- [nio-7191-exec-4] c.o.b.b.c.SacCodeConverter               : entityToModel -- START
2019-01-09 22:31:58.953  INFO Abhideep-PC
			--- [nio-7191-exec-4] c.o.b.b.c.SacCodeConverter               : entityToModel -- END
2019-01-09 22:31:58.954  INFO Abhideep-PC
			--- [nio-7191-exec-4] c.o.b.b.c.BookingVsRoomConverter         : entityToModel -- END
2019-01-09 22:31:58.954  INFO Abhideep-PC
			--- [nio-7191-exec-4] c.o.b.b.c.BookingVsRoomConverter         : entityListToModelList -- END
2019-01-09 22:31:58.954  INFO Abhideep-PC
			--- [nio-7191-exec-4] c.o.b.b.c.BookingVsPaymentConverter      : entityListToModelList -- START
2019-01-09 22:31:58.973  INFO Abhideep-PC
			--- [nio-7191-exec-4] c.o.b.b.c.BookingVsPaymentConverter      : entityListToModelList -- END
2019-01-09 22:31:58.974  INFO Abhideep-PC
			--- [nio-7191-exec-4] c.o.b.b.c.ConvenienceConverter           : entityToModel -- START
2019-01-09 22:31:58.977  INFO Abhideep-PC
			--- [nio-7191-exec-4] c.o.b.b.c.ConvenienceConverter           : entityToModel -- END
2019-01-09 22:31:58.977  INFO Abhideep-PC
			--- [nio-7191-exec-4] c.o.b.b.c.BookingInfoConverter           : entityToModel -- START
2019-01-09 22:31:58.993  INFO Abhideep-PC
			--- [nio-7191-exec-4] c.o.b.b.c.BookingInfoConverter           : entityToModel -- END
2019-01-09 22:31:58.994  INFO Abhideep-PC
			--- [nio-7191-exec-4] c.o.b.b.c.BookingConverter               : entityToModel -- END
2019-01-09 22:31:58.994  INFO Abhideep-PC
			--- [nio-7191-exec-4] c.o.b.b.c.BookingConverter               : entityToModel -- START
2019-01-09 22:31:58.994  INFO Abhideep-PC
			--- [nio-7191-exec-4] c.o.b.b.c.BookingVsRoomConverter         : entityListToModelList -- START
2019-01-09 22:31:58.997  INFO Abhideep-PC
			--- [nio-7191-exec-4] c.o.b.b.c.BookingVsRoomConverter         : entityToModel -- START
2019-01-09 22:31:58.997  INFO Abhideep-PC
			--- [nio-7191-exec-4] c.o.b.b.c.SacCodeConverter               : entityToModel -- START
2019-01-09 22:31:58.998  INFO Abhideep-PC
			--- [nio-7191-exec-4] c.o.b.b.c.SacCodeConverter               : entityToModel -- END
2019-01-09 22:31:58.998  INFO Abhideep-PC
			--- [nio-7191-exec-4] c.o.b.b.c.BookingVsRoomConverter         : entityToModel -- END
2019-01-09 22:31:58.998  INFO Abhideep-PC
			--- [nio-7191-exec-4] c.o.b.b.c.BookingVsRoomConverter         : entityListToModelList -- END
2019-01-09 22:31:58.998  INFO Abhideep-PC
			--- [nio-7191-exec-4] c.o.b.b.c.BookingVsPaymentConverter      : entityListToModelList -- START
2019-01-09 22:31:58.999  INFO Abhideep-PC
			--- [nio-7191-exec-4] c.o.b.b.c.BookingVsPaymentConverter      : entityToModel -- START
2019-01-09 22:31:59.030  INFO Abhideep-PC
			--- [nio-7191-exec-4] c.o.b.b.c.BookingVsPaymentConverter      : entityToModel -- END
2019-01-09 22:31:59.031  INFO Abhideep-PC
			--- [nio-7191-exec-4] c.o.b.b.c.BookingVsPaymentConverter      : entityListToModelList -- END
2019-01-09 22:31:59.031  INFO Abhideep-PC
			--- [nio-7191-exec-4] c.o.b.b.c.ConvenienceConverter           : entityToModel -- START
2019-01-09 22:31:59.031  INFO Abhideep-PC
			--- [nio-7191-exec-4] c.o.b.b.c.ConvenienceConverter           : entityToModel -- END
2019-01-09 22:31:59.031  INFO Abhideep-PC
			--- [nio-7191-exec-4] c.o.b.b.c.BookingInfoConverter           : entityToModel -- START
2019-01-09 22:31:59.031  INFO Abhideep-PC
			--- [nio-7191-exec-4] c.o.b.b.c.BookingInfoConverter           : entityToModel -- END
2019-01-09 22:31:59.032  INFO Abhideep-PC
			--- [nio-7191-exec-4] c.o.b.b.c.BookingConverter               : entityToModel -- END
2019-01-09 22:31:59.032  INFO Abhideep-PC
			--- [nio-7191-exec-4] c.o.b.b.c.BookingConverter               : entityToModel -- START
2019-01-09 22:31:59.033  INFO Abhideep-PC
			--- [nio-7191-exec-4] c.o.b.b.c.BookingVsRoomConverter         : entityListToModelList -- START
2019-01-09 22:31:59.035  INFO Abhideep-PC
			--- [nio-7191-exec-4] c.o.b.b.c.BookingVsRoomConverter         : entityToModel -- START
2019-01-09 22:31:59.036  INFO Abhideep-PC
			--- [nio-7191-exec-4] c.o.b.b.c.SacCodeConverter               : entityToModel -- START
2019-01-09 22:31:59.036  INFO Abhideep-PC
			--- [nio-7191-exec-4] c.o.b.b.c.SacCodeConverter               : entityToModel -- END
2019-01-09 22:31:59.036  INFO Abhideep-PC
			--- [nio-7191-exec-4] c.o.b.b.c.BookingVsRoomConverter         : entityToModel -- END
2019-01-09 22:31:59.036  INFO Abhideep-PC
			--- [nio-7191-exec-4] c.o.b.b.c.BookingVsRoomConverter         : entityListToModelList -- END
2019-01-09 22:31:59.036  INFO Abhideep-PC
			--- [nio-7191-exec-4] c.o.b.b.c.BookingVsPaymentConverter      : entityListToModelList -- START
2019-01-09 22:31:59.038  INFO Abhideep-PC
			--- [nio-7191-exec-4] c.o.b.b.c.BookingVsPaymentConverter      : entityToModel -- START
2019-01-09 22:31:59.039  INFO Abhideep-PC
			--- [nio-7191-exec-4] c.o.b.b.c.BookingVsPaymentConverter      : entityToModel -- END
2019-01-09 22:31:59.039  INFO Abhideep-PC
			--- [nio-7191-exec-4] c.o.b.b.c.BookingVsPaymentConverter      : entityListToModelList -- END
2019-01-09 22:31:59.039  INFO Abhideep-PC
			--- [nio-7191-exec-4] c.o.b.b.c.ConvenienceConverter           : entityToModel -- START
2019-01-09 22:31:59.040  INFO Abhideep-PC
			--- [nio-7191-exec-4] c.o.b.b.c.ConvenienceConverter           : entityToModel -- END
2019-01-09 22:31:59.040  INFO Abhideep-PC
			--- [nio-7191-exec-4] c.o.b.b.c.BookingInfoConverter           : entityToModel -- START
2019-01-09 22:31:59.041  INFO Abhideep-PC
			--- [nio-7191-exec-4] c.o.b.b.c.BookingInfoConverter           : entityToModel -- END
2019-01-09 22:31:59.041  INFO Abhideep-PC
			--- [nio-7191-exec-4] c.o.b.b.c.BookingConverter               : entityToModel -- END
2019-01-09 22:31:59.041  INFO Abhideep-PC
			--- [nio-7191-exec-4] c.o.b.b.c.BookingConverter               : entityToModel -- START
2019-01-09 22:31:59.041  INFO Abhideep-PC
			--- [nio-7191-exec-4] c.o.b.b.c.BookingVsRoomConverter         : entityListToModelList -- START
2019-01-09 22:31:59.044  INFO Abhideep-PC
			--- [nio-7191-exec-4] c.o.b.b.c.BookingVsRoomConverter         : entityToModel -- START
2019-01-09 22:31:59.044  INFO Abhideep-PC
			--- [nio-7191-exec-4] c.o.b.b.c.SacCodeConverter               : entityToModel -- START
2019-01-09 22:31:59.044  INFO Abhideep-PC
			--- [nio-7191-exec-4] c.o.b.b.c.SacCodeConverter               : entityToModel -- END
2019-01-09 22:31:59.044  INFO Abhideep-PC
			--- [nio-7191-exec-4] c.o.b.b.c.BookingVsRoomConverter         : entityToModel -- END
2019-01-09 22:31:59.044  INFO Abhideep-PC
			--- [nio-7191-exec-4] c.o.b.b.c.BookingVsRoomConverter         : entityListToModelList -- END
2019-01-09 22:31:59.044  INFO Abhideep-PC
			--- [nio-7191-exec-4] c.o.b.b.c.BookingVsPaymentConverter      : entityListToModelList -- START
2019-01-09 22:31:59.046  INFO Abhideep-PC
			--- [nio-7191-exec-4] c.o.b.b.c.BookingVsPaymentConverter      : entityToModel -- START
2019-01-09 22:31:59.047  INFO Abhideep-PC
			--- [nio-7191-exec-4] c.o.b.b.c.BookingVsPaymentConverter      : entityToModel -- END
2019-01-09 22:31:59.047  INFO Abhideep-PC
			--- [nio-7191-exec-4] c.o.b.b.c.BookingVsPaymentConverter      : entityListToModelList -- END
2019-01-09 22:31:59.047  INFO Abhideep-PC
			--- [nio-7191-exec-4] c.o.b.b.c.ConvenienceConverter           : entityToModel -- START
2019-01-09 22:31:59.047  INFO Abhideep-PC
			--- [nio-7191-exec-4] c.o.b.b.c.ConvenienceConverter           : entityToModel -- END
2019-01-09 22:31:59.047  INFO Abhideep-PC
			--- [nio-7191-exec-4] c.o.b.b.c.BookingInfoConverter           : entityToModel -- START
2019-01-09 22:31:59.047  INFO Abhideep-PC
			--- [nio-7191-exec-4] c.o.b.b.c.BookingInfoConverter           : entityToModel -- END
2019-01-09 22:31:59.047  INFO Abhideep-PC
			--- [nio-7191-exec-4] c.o.b.b.c.BookingConverter               : entityToModel -- END
2019-01-09 22:31:59.047  INFO Abhideep-PC
			--- [nio-7191-exec-4] c.o.b.b.c.BookingConverter               : entityListToModelList -- END
2019-01-09 22:31:59.048  INFO Abhideep-PC
			--- [nio-7191-exec-4] c.o.b.b.s.BookingServiceImpl             : getBookings -- END
2019-01-09 22:31:59.067  INFO Abhideep-PC
			--- [nio-7191-exec-4] c.o.b.b.c.BookingController              : getBookings -- END
