2019-01-11 00:41:07.923  INFO Abhideep-PC
			--- [nio-7191-exec-2] c.o.b.b.c.BookingController              : getBookings -- START
2019-01-11 00:41:07.980  INFO Abhideep-PC
			--- [nio-7191-exec-2] c.o.b.b.s.BookingServiceImpl             : getBookings -- START
2019-01-11 00:41:08.085  INFO Abhideep-PC
			--- [nio-7191-exec-2] c.o.b.b.c.BookingConverter               : entityListToModelList -- START
2019-01-11 00:41:08.085  INFO Abhideep-PC
			--- [nio-7191-exec-2] c.o.b.b.c.BookingConverter               : entityListToModelList -- END
2019-01-11 00:41:08.085  INFO Abhideep-PC
			--- [nio-7191-exec-2] c.o.b.b.s.BookingServiceImpl             : getBookings -- END
2019-01-11 00:41:08.088  INFO Abhideep-PC
			--- [nio-7191-exec-2] c.o.b.b.c.BookingController              : getBookings -- END
2019-01-11 00:42:49.449  INFO Abhideep-PC
			--- [nio-7191-exec-1] c.o.b.b.c.BookingController              : getBookings -- START
2019-01-11 00:42:49.459  INFO Abhideep-PC
			--- [nio-7191-exec-1] c.o.b.b.s.BookingServiceImpl             : getBookings -- START
2019-01-11 00:42:49.467  INFO Abhideep-PC
			--- [nio-7191-exec-1] c.o.b.b.c.BookingConverter               : entityListToModelList -- START
2019-01-11 00:42:49.467  INFO Abhideep-PC
			--- [nio-7191-exec-1] c.o.b.b.c.BookingConverter               : entityListToModelList -- END
2019-01-11 00:42:49.468  INFO Abhideep-PC
			--- [nio-7191-exec-1] c.o.b.b.s.BookingServiceImpl             : getBookings -- END
2019-01-11 00:42:49.469  INFO Abhideep-PC
			--- [nio-7191-exec-1] c.o.b.b.c.BookingController              : getBookings -- END
2019-01-11 00:43:54.100  INFO Abhideep-PC
			--- [nio-7191-exec-4] c.o.b.b.c.BookingController              : getBookings -- START
2019-01-11 00:43:54.125  INFO Abhideep-PC
			--- [nio-7191-exec-4] c.o.b.b.s.BookingServiceImpl             : getBookings -- START
2019-01-11 00:43:54.133  INFO Abhideep-PC
			--- [nio-7191-exec-4] c.o.b.b.c.BookingConverter               : entityListToModelList -- START
2019-01-11 00:43:54.133  INFO Abhideep-PC
			--- [nio-7191-exec-4] c.o.b.b.c.BookingConverter               : entityListToModelList -- END
2019-01-11 00:43:54.133  INFO Abhideep-PC
			--- [nio-7191-exec-4] c.o.b.b.s.BookingServiceImpl             : getBookings -- END
2019-01-11 00:43:54.136  INFO Abhideep-PC
			--- [nio-7191-exec-4] c.o.b.b.c.BookingController              : getBookings -- END
2019-01-11 00:44:16.701  INFO Abhideep-PC
			--- [nio-7191-exec-5] c.o.b.b.c.BookingController              : getBookings -- START
2019-01-11 00:44:16.708  INFO Abhideep-PC
			--- [nio-7191-exec-5] c.o.b.b.s.BookingServiceImpl             : getBookings -- START
2019-01-11 00:44:16.716  INFO Abhideep-PC
			--- [nio-7191-exec-5] c.o.b.b.c.BookingConverter               : entityListToModelList -- START
2019-01-11 00:44:16.716  INFO Abhideep-PC
			--- [nio-7191-exec-5] c.o.b.b.c.BookingConverter               : entityListToModelList -- END
2019-01-11 00:44:16.716  INFO Abhideep-PC
			--- [nio-7191-exec-5] c.o.b.b.s.BookingServiceImpl             : getBookings -- END
2019-01-11 00:44:16.717  INFO Abhideep-PC
			--- [nio-7191-exec-5] c.o.b.b.c.BookingController              : getBookings -- END
2019-01-11 00:50:41.256  INFO Abhideep-PC
			--- [nio-7191-exec-1] c.o.b.b.c.BookingController              : getBookings -- START
2019-01-11 00:50:41.279  INFO Abhideep-PC
			--- [nio-7191-exec-1] c.o.b.b.s.BookingServiceImpl             : getBookings -- START
2019-01-11 00:50:41.387  INFO Abhideep-PC
			--- [nio-7191-exec-1] c.o.b.b.c.BookingConverter               : entityListToModelList -- START
2019-01-11 00:50:41.387  INFO Abhideep-PC
			--- [nio-7191-exec-1] c.o.b.b.c.BookingConverter               : entityListToModelList -- END
2019-01-11 00:50:41.387  INFO Abhideep-PC
			--- [nio-7191-exec-1] c.o.b.b.s.BookingServiceImpl             : getBookings -- END
2019-01-11 00:50:41.391  INFO Abhideep-PC
			--- [nio-7191-exec-1] c.o.b.b.c.BookingController              : getBookings -- END
2019-01-11 00:56:33.755  INFO Abhideep-PC
			--- [nio-7191-exec-2] c.o.b.b.c.BookingController              : getBookings -- START
2019-01-11 00:56:33.766  INFO Abhideep-PC
			--- [nio-7191-exec-2] c.o.b.b.s.BookingServiceImpl             : getBookings -- START
2019-01-11 00:56:33.774  INFO Abhideep-PC
			--- [nio-7191-exec-2] c.o.b.b.c.BookingConverter               : entityListToModelList -- START
2019-01-11 00:56:33.774  INFO Abhideep-PC
			--- [nio-7191-exec-2] c.o.b.b.c.BookingConverter               : entityListToModelList -- END
2019-01-11 00:56:33.774  INFO Abhideep-PC
			--- [nio-7191-exec-2] c.o.b.b.s.BookingServiceImpl             : getBookings -- END
2019-01-11 00:56:33.776  INFO Abhideep-PC
			--- [nio-7191-exec-2] c.o.b.b.c.BookingController              : getBookings -- END
2019-01-11 00:59:19.035  INFO Abhideep-PC
			--- [nio-7191-exec-4] c.o.b.b.c.BookingController              : getBookings -- START
2019-01-11 00:59:19.047  INFO Abhideep-PC
			--- [nio-7191-exec-4] c.o.b.b.s.BookingServiceImpl             : getBookings -- START
2019-01-11 00:59:19.054  INFO Abhideep-PC
			--- [nio-7191-exec-4] c.o.b.b.c.BookingConverter               : entityListToModelList -- START
2019-01-11 00:59:19.055  INFO Abhideep-PC
			--- [nio-7191-exec-4] c.o.b.b.c.BookingConverter               : entityListToModelList -- END
2019-01-11 00:59:19.055  INFO Abhideep-PC
			--- [nio-7191-exec-4] c.o.b.b.s.BookingServiceImpl             : getBookings -- END
2019-01-11 00:59:19.057  INFO Abhideep-PC
			--- [nio-7191-exec-4] c.o.b.b.c.BookingController              : getBookings -- END
2019-01-11 01:06:24.181  INFO Abhideep-PC
			--- [nio-7191-exec-8] c.o.b.b.c.BookingController              : getBookings -- START
2019-01-11 01:06:24.189  INFO Abhideep-PC
			--- [nio-7191-exec-8] c.o.b.b.s.BookingServiceImpl             : getBookings -- START
2019-01-11 01:06:24.195  INFO Abhideep-PC
			--- [nio-7191-exec-8] c.o.b.b.c.BookingConverter               : entityListToModelList -- START
2019-01-11 01:06:24.195  INFO Abhideep-PC
			--- [nio-7191-exec-8] c.o.b.b.c.BookingConverter               : entityListToModelList -- END
2019-01-11 01:06:24.195  INFO Abhideep-PC
			--- [nio-7191-exec-8] c.o.b.b.s.BookingServiceImpl             : getBookings -- END
2019-01-11 01:06:24.196  INFO Abhideep-PC
			--- [nio-7191-exec-8] c.o.b.b.c.BookingController              : getBookings -- END
2019-01-11 01:07:13.197  INFO Abhideep-PC
			--- [nio-7191-exec-7] c.o.b.b.c.BookingController              : getBookings -- START
2019-01-11 01:07:13.210  INFO Abhideep-PC
			--- [nio-7191-exec-7] c.o.b.b.s.BookingServiceImpl             : getBookings -- START
2019-01-11 01:07:13.215  INFO Abhideep-PC
			--- [nio-7191-exec-7] c.o.b.b.c.BookingConverter               : entityListToModelList -- START
2019-01-11 01:07:13.215  INFO Abhideep-PC
			--- [nio-7191-exec-7] c.o.b.b.c.BookingConverter               : entityListToModelList -- END
2019-01-11 01:07:13.215  INFO Abhideep-PC
			--- [nio-7191-exec-7] c.o.b.b.s.BookingServiceImpl             : getBookings -- END
2019-01-11 01:07:13.217  INFO Abhideep-PC
			--- [nio-7191-exec-7] c.o.b.b.c.BookingController              : getBookings -- END
2019-01-11 01:08:33.728  INFO Abhideep-PC
			--- [io-7191-exec-10] c.o.b.b.c.BookingController              : getBookings -- START
2019-01-11 01:08:33.735  INFO Abhideep-PC
			--- [io-7191-exec-10] c.o.b.b.s.BookingServiceImpl             : getBookings -- START
2019-01-11 01:08:33.741  INFO Abhideep-PC
			--- [io-7191-exec-10] c.o.b.b.c.BookingConverter               : entityListToModelList -- START
2019-01-11 01:08:33.742  INFO Abhideep-PC
			--- [io-7191-exec-10] c.o.b.b.c.BookingConverter               : entityListToModelList -- END
2019-01-11 01:08:33.742  INFO Abhideep-PC
			--- [io-7191-exec-10] c.o.b.b.s.BookingServiceImpl             : getBookings -- END
2019-01-11 01:08:33.743  INFO Abhideep-PC
			--- [io-7191-exec-10] c.o.b.b.c.BookingController              : getBookings -- END
2019-01-11 01:11:49.662  INFO Abhideep-PC
			--- [nio-7191-exec-6] c.o.b.b.c.BookingController              : getBookings -- START
2019-01-11 01:11:49.676  INFO Abhideep-PC
			--- [nio-7191-exec-6] c.o.b.b.s.BookingServiceImpl             : getBookings -- START
2019-01-11 01:11:49.678  INFO Abhideep-PC
			--- [nio-7191-exec-6] c.o.b.b.c.BookingConverter               : entityListToModelList -- START
2019-01-11 01:11:49.678  INFO Abhideep-PC
			--- [nio-7191-exec-6] c.o.b.b.c.BookingConverter               : entityListToModelList -- END
2019-01-11 01:11:49.678  INFO Abhideep-PC
			--- [nio-7191-exec-6] c.o.b.b.s.BookingServiceImpl             : getBookings -- END
2019-01-11 01:11:49.679  INFO Abhideep-PC
			--- [nio-7191-exec-6] c.o.b.b.c.BookingController              : getBookings -- END
2019-01-11 01:15:05.960  INFO Abhideep-PC
			--- [nio-7191-exec-5] c.o.b.b.c.BookingController              : getBookings -- START
2019-01-11 01:15:05.972  INFO Abhideep-PC
			--- [nio-7191-exec-5] c.o.b.b.s.BookingServiceImpl             : getBookings -- START
2019-01-11 01:15:05.975  INFO Abhideep-PC
			--- [nio-7191-exec-5] c.o.b.b.c.BookingConverter               : entityListToModelList -- START
2019-01-11 01:15:05.975  INFO Abhideep-PC
			--- [nio-7191-exec-5] c.o.b.b.c.BookingConverter               : entityListToModelList -- END
2019-01-11 01:15:05.975  INFO Abhideep-PC
			--- [nio-7191-exec-5] c.o.b.b.s.BookingServiceImpl             : getBookings -- END
2019-01-11 01:15:05.976  INFO Abhideep-PC
			--- [nio-7191-exec-5] c.o.b.b.c.BookingController              : getBookings -- END
2019-01-11 01:25:34.065  INFO Abhideep-PC
			--- [nio-7191-exec-1] c.o.b.b.c.BookingController              : getBookings -- START
2019-01-11 01:25:34.075  INFO Abhideep-PC
			--- [nio-7191-exec-1] c.o.b.b.s.BookingServiceImpl             : getBookings -- START
2019-01-11 01:25:34.076  INFO Abhideep-PC
			--- [nio-7191-exec-1] c.o.b.b.c.BookingConverter               : entityListToModelList -- START
2019-01-11 01:25:34.076  INFO Abhideep-PC
			--- [nio-7191-exec-1] c.o.b.b.c.BookingConverter               : entityListToModelList -- END
2019-01-11 01:25:34.076  INFO Abhideep-PC
			--- [nio-7191-exec-1] c.o.b.b.s.BookingServiceImpl             : getBookings -- END
2019-01-11 01:25:34.077  INFO Abhideep-PC
			--- [nio-7191-exec-1] c.o.b.b.c.BookingController              : getBookings -- END
2019-01-11 01:26:28.137  INFO Abhideep-PC
			--- [nio-7191-exec-2] c.o.b.b.c.BookingController              : getBookings -- START
2019-01-11 01:26:28.150  INFO Abhideep-PC
			--- [nio-7191-exec-2] c.o.b.b.s.BookingServiceImpl             : getBookings -- START
2019-01-11 01:26:28.154  INFO Abhideep-PC
			--- [nio-7191-exec-2] c.o.b.b.c.BookingConverter               : entityListToModelList -- START
2019-01-11 01:26:28.155  INFO Abhideep-PC
			--- [nio-7191-exec-2] c.o.b.b.c.BookingConverter               : entityListToModelList -- END
2019-01-11 01:26:28.155  INFO Abhideep-PC
			--- [nio-7191-exec-2] c.o.b.b.s.BookingServiceImpl             : getBookings -- END
2019-01-11 01:26:28.157  INFO Abhideep-PC
			--- [nio-7191-exec-2] c.o.b.b.c.BookingController              : getBookings -- END
2019-01-11 01:26:54.471  INFO Abhideep-PC
			--- [nio-7191-exec-3] c.o.b.b.c.BookingController              : getBookings -- START
2019-01-11 01:26:54.484  INFO Abhideep-PC
			--- [nio-7191-exec-3] c.o.b.b.s.BookingServiceImpl             : getBookings -- START
2019-01-11 01:26:54.487  INFO Abhideep-PC
			--- [nio-7191-exec-3] c.o.b.b.c.BookingConverter               : entityListToModelList -- START
2019-01-11 01:26:54.487  INFO Abhideep-PC
			--- [nio-7191-exec-3] c.o.b.b.c.BookingConverter               : entityListToModelList -- END
2019-01-11 01:26:54.488  INFO Abhideep-PC
			--- [nio-7191-exec-3] c.o.b.b.s.BookingServiceImpl             : getBookings -- END
2019-01-11 01:26:54.489  INFO Abhideep-PC
			--- [nio-7191-exec-3] c.o.b.b.c.BookingController              : getBookings -- END
2019-01-11 01:27:51.752  INFO Abhideep-PC
			--- [nio-7191-exec-4] c.o.b.b.c.BookingController              : getBookings -- START
2019-01-11 01:27:51.766  INFO Abhideep-PC
			--- [nio-7191-exec-4] c.o.b.b.s.BookingServiceImpl             : getBookings -- START
2019-01-11 01:27:51.774  INFO Abhideep-PC
			--- [nio-7191-exec-4] c.o.b.b.c.BookingConverter               : entityListToModelList -- START
2019-01-11 01:27:51.775  INFO Abhideep-PC
			--- [nio-7191-exec-4] c.o.b.b.c.BookingConverter               : entityListToModelList -- END
2019-01-11 01:27:51.775  INFO Abhideep-PC
			--- [nio-7191-exec-4] c.o.b.b.s.BookingServiceImpl             : getBookings -- END
2019-01-11 01:27:51.776  INFO Abhideep-PC
			--- [nio-7191-exec-4] c.o.b.b.c.BookingController              : getBookings -- END
2019-01-11 01:28:13.807  INFO Abhideep-PC
			--- [nio-7191-exec-8] c.o.b.b.c.BookingController              : getBookings -- START
2019-01-11 01:28:13.821  INFO Abhideep-PC
			--- [nio-7191-exec-8] c.o.b.b.s.BookingServiceImpl             : getBookings -- START
2019-01-11 01:28:13.823  INFO Abhideep-PC
			--- [nio-7191-exec-8] c.o.b.b.c.BookingConverter               : entityListToModelList -- START
2019-01-11 01:28:13.823  INFO Abhideep-PC
			--- [nio-7191-exec-8] c.o.b.b.c.BookingConverter               : entityListToModelList -- END
2019-01-11 01:28:13.823  INFO Abhideep-PC
			--- [nio-7191-exec-8] c.o.b.b.s.BookingServiceImpl             : getBookings -- END
2019-01-11 01:28:13.824  INFO Abhideep-PC
			--- [nio-7191-exec-8] c.o.b.b.c.BookingController              : getBookings -- END
2019-01-11 01:47:13.889  INFO Abhideep-PC
			--- [nio-7191-exec-7] c.o.b.b.c.BookingController              : getBookings -- START
2019-01-11 01:47:13.896  INFO Abhideep-PC
			--- [nio-7191-exec-7] c.o.b.b.s.BookingServiceImpl             : getBookings -- START
2019-01-11 01:47:13.897  INFO Abhideep-PC
			--- [nio-7191-exec-7] c.o.b.b.c.BookingConverter               : entityListToModelList -- START
2019-01-11 01:47:13.897  INFO Abhideep-PC
			--- [nio-7191-exec-7] c.o.b.b.c.BookingConverter               : entityListToModelList -- END
2019-01-11 01:47:13.897  INFO Abhideep-PC
			--- [nio-7191-exec-7] c.o.b.b.s.BookingServiceImpl             : getBookings -- END
2019-01-11 01:47:13.899  INFO Abhideep-PC
			--- [nio-7191-exec-7] c.o.b.b.c.BookingController              : getBookings -- END
2019-01-11 01:48:26.703  INFO Abhideep-PC
			--- [io-7191-exec-10] c.o.b.b.c.BookingController              : getBookings -- START
2019-01-11 01:48:26.709  INFO Abhideep-PC
			--- [io-7191-exec-10] c.o.b.b.s.BookingServiceImpl             : getBookings -- START
2019-01-11 01:48:26.711  INFO Abhideep-PC
			--- [io-7191-exec-10] c.o.b.b.c.BookingConverter               : entityListToModelList -- START
2019-01-11 01:48:26.711  INFO Abhideep-PC
			--- [io-7191-exec-10] c.o.b.b.c.BookingConverter               : entityListToModelList -- END
2019-01-11 01:48:26.711  INFO Abhideep-PC
			--- [io-7191-exec-10] c.o.b.b.s.BookingServiceImpl             : getBookings -- END
2019-01-11 01:48:26.712  INFO Abhideep-PC
			--- [io-7191-exec-10] c.o.b.b.c.BookingController              : getBookings -- END
2019-01-11 01:48:56.273  INFO Abhideep-PC
			--- [nio-7191-exec-6] c.o.b.b.c.BookingController              : getBookings -- START
2019-01-11 01:48:56.292  INFO Abhideep-PC
			--- [nio-7191-exec-6] c.o.b.b.s.BookingServiceImpl             : getBookings -- START
2019-01-11 01:48:56.298  INFO Abhideep-PC
			--- [nio-7191-exec-6] c.o.b.b.c.BookingConverter               : entityListToModelList -- START
2019-01-11 01:48:56.298  INFO Abhideep-PC
			--- [nio-7191-exec-6] c.o.b.b.c.BookingConverter               : entityListToModelList -- END
2019-01-11 01:48:56.298  INFO Abhideep-PC
			--- [nio-7191-exec-6] c.o.b.b.s.BookingServiceImpl             : getBookings -- END
2019-01-11 01:48:56.301  INFO Abhideep-PC
			--- [nio-7191-exec-6] c.o.b.b.c.BookingController              : getBookings -- END
2019-01-11 01:49:04.540  INFO Abhideep-PC
			--- [nio-7191-exec-5] c.o.b.b.c.BookingController              : getBookings -- START
2019-01-11 01:49:04.554  INFO Abhideep-PC
			--- [nio-7191-exec-5] c.o.b.b.s.BookingServiceImpl             : getBookings -- START
2019-01-11 01:49:04.557  INFO Abhideep-PC
			--- [nio-7191-exec-5] c.o.b.b.c.BookingConverter               : entityListToModelList -- START
2019-01-11 01:49:04.557  INFO Abhideep-PC
			--- [nio-7191-exec-5] c.o.b.b.c.BookingConverter               : entityListToModelList -- END
2019-01-11 01:49:04.558  INFO Abhideep-PC
			--- [nio-7191-exec-5] c.o.b.b.s.BookingServiceImpl             : getBookings -- END
2019-01-11 01:49:04.559  INFO Abhideep-PC
			--- [nio-7191-exec-5] c.o.b.b.c.BookingController              : getBookings -- END
2019-01-11 01:49:13.108  INFO Abhideep-PC
			--- [nio-7191-exec-9] c.o.b.b.c.BookingController              : getBookings -- START
2019-01-11 01:49:13.121  INFO Abhideep-PC
			--- [nio-7191-exec-9] c.o.b.b.s.BookingServiceImpl             : getBookings -- START
2019-01-11 01:49:13.125  INFO Abhideep-PC
			--- [nio-7191-exec-9] c.o.b.b.c.BookingConverter               : entityListToModelList -- START
2019-01-11 01:49:13.125  INFO Abhideep-PC
			--- [nio-7191-exec-9] c.o.b.b.c.BookingConverter               : entityListToModelList -- END
2019-01-11 01:49:13.125  INFO Abhideep-PC
			--- [nio-7191-exec-9] c.o.b.b.s.BookingServiceImpl             : getBookings -- END
2019-01-11 01:49:13.127  INFO Abhideep-PC
			--- [nio-7191-exec-9] c.o.b.b.c.BookingController              : getBookings -- END
2019-01-11 01:50:08.329  INFO Abhideep-PC
			--- [nio-7191-exec-1] c.o.b.b.c.BookingController              : getBookings -- START
2019-01-11 01:50:08.336  INFO Abhideep-PC
			--- [nio-7191-exec-1] c.o.b.b.s.BookingServiceImpl             : getBookings -- START
2019-01-11 01:50:08.338  INFO Abhideep-PC
			--- [nio-7191-exec-1] c.o.b.b.c.BookingConverter               : entityListToModelList -- START
2019-01-11 01:50:08.338  INFO Abhideep-PC
			--- [nio-7191-exec-1] c.o.b.b.c.BookingConverter               : entityListToModelList -- END
2019-01-11 01:50:08.338  INFO Abhideep-PC
			--- [nio-7191-exec-1] c.o.b.b.s.BookingServiceImpl             : getBookings -- END
2019-01-11 01:50:08.339  INFO Abhideep-PC
			--- [nio-7191-exec-1] c.o.b.b.c.BookingController              : getBookings -- END
