2019-01-12 10:02:41.493  INFO Abhideep-PC
			--- [nio-7191-exec-9] c.o.b.b.c.BookingController              : getBookings -- START
2019-01-12 10:02:41.521  INFO Abhideep-PC
			--- [nio-7191-exec-9] c.o.b.b.s.BookingServiceImpl             : getBookings -- START
2019-01-12 10:02:41.629  INFO Abhideep-PC
			--- [nio-7191-exec-9] c.o.b.b.c.BookingConverter               : entityListToModelList -- START
2019-01-12 10:02:41.629  INFO Abhideep-PC
			--- [nio-7191-exec-9] c.o.b.b.c.BookingConverter               : entityListToModelList -- END
2019-01-12 10:02:41.630  INFO Abhideep-PC
			--- [nio-7191-exec-9] c.o.b.b.s.BookingServiceImpl             : getBookings -- END
2019-01-12 10:02:41.631  INFO Abhideep-PC
			--- [nio-7191-exec-9] c.o.b.b.c.BookingController              : getBookings -- END
2019-01-12 10:08:06.650  INFO Abhideep-PC
			--- [nio-7191-exec-7] c.o.b.b.c.BookingController              : getBookings -- START
2019-01-12 10:08:06.659  INFO Abhideep-PC
			--- [nio-7191-exec-7] c.o.b.b.s.BookingServiceImpl             : getBookings -- START
2019-01-12 10:08:06.661  INFO Abhideep-PC
			--- [nio-7191-exec-7] c.o.b.b.c.BookingConverter               : entityListToModelList -- START
2019-01-12 10:08:06.661  INFO Abhideep-PC
			--- [nio-7191-exec-7] c.o.b.b.c.BookingConverter               : entityListToModelList -- END
2019-01-12 10:08:06.661  INFO Abhideep-PC
			--- [nio-7191-exec-7] c.o.b.b.s.BookingServiceImpl             : getBookings -- END
2019-01-12 10:08:06.662  INFO Abhideep-PC
			--- [nio-7191-exec-7] c.o.b.b.c.BookingController              : getBookings -- END
2019-01-12 10:11:57.554  INFO Abhideep-PC
			--- [nio-7191-exec-3] c.o.b.b.c.BookingController              : getBookings -- START
2019-01-12 10:11:57.562  INFO Abhideep-PC
			--- [nio-7191-exec-3] c.o.b.b.s.BookingServiceImpl             : getBookings -- START
2019-01-12 10:11:57.569  INFO Abhideep-PC
			--- [nio-7191-exec-3] c.o.b.b.c.BookingConverter               : entityListToModelList -- START
2019-01-12 10:11:57.570  INFO Abhideep-PC
			--- [nio-7191-exec-3] c.o.b.b.c.BookingConverter               : entityListToModelList -- END
2019-01-12 10:11:57.570  INFO Abhideep-PC
			--- [nio-7191-exec-3] c.o.b.b.s.BookingServiceImpl             : getBookings -- END
2019-01-12 10:11:57.572  INFO Abhideep-PC
			--- [nio-7191-exec-3] c.o.b.b.c.BookingController              : getBookings -- END
2019-01-12 10:13:06.952  INFO Abhideep-PC
			--- [io-7191-exec-10] c.o.b.b.c.BookingController              : getBookings -- START
2019-01-12 10:13:06.959  INFO Abhideep-PC
			--- [io-7191-exec-10] c.o.b.b.s.BookingServiceImpl             : getBookings -- START
2019-01-12 10:13:06.961  INFO Abhideep-PC
			--- [io-7191-exec-10] c.o.b.b.c.BookingConverter               : entityListToModelList -- START
2019-01-12 10:13:06.962  INFO Abhideep-PC
			--- [io-7191-exec-10] c.o.b.b.c.BookingConverter               : entityListToModelList -- END
2019-01-12 10:13:06.962  INFO Abhideep-PC
			--- [io-7191-exec-10] c.o.b.b.s.BookingServiceImpl             : getBookings -- END
2019-01-12 10:13:06.963  INFO Abhideep-PC
			--- [io-7191-exec-10] c.o.b.b.c.BookingController              : getBookings -- END
2019-01-12 10:14:00.297  INFO Abhideep-PC
			--- [nio-7191-exec-4] c.o.b.b.c.BookingController              : getBookings -- START
2019-01-12 10:14:00.304  INFO Abhideep-PC
			--- [nio-7191-exec-4] c.o.b.b.s.BookingServiceImpl             : getBookings -- START
2019-01-12 10:14:00.306  INFO Abhideep-PC
			--- [nio-7191-exec-4] c.o.b.b.c.BookingConverter               : entityListToModelList -- START
2019-01-12 10:14:00.306  INFO Abhideep-PC
			--- [nio-7191-exec-4] c.o.b.b.c.BookingConverter               : entityListToModelList -- END
2019-01-12 10:14:00.307  INFO Abhideep-PC
			--- [nio-7191-exec-4] c.o.b.b.s.BookingServiceImpl             : getBookings -- END
2019-01-12 10:14:00.308  INFO Abhideep-PC
			--- [nio-7191-exec-4] c.o.b.b.c.BookingController              : getBookings -- END
2019-01-12 10:17:42.185  INFO Abhideep-PC
			--- [nio-7191-exec-5] c.o.b.b.c.BookingController              : getBookings -- START
2019-01-12 10:17:42.192  INFO Abhideep-PC
			--- [nio-7191-exec-5] c.o.b.b.s.BookingServiceImpl             : getBookings -- START
2019-01-12 10:17:42.194  INFO Abhideep-PC
			--- [nio-7191-exec-5] c.o.b.b.c.BookingConverter               : entityListToModelList -- START
2019-01-12 10:17:42.194  INFO Abhideep-PC
			--- [nio-7191-exec-5] c.o.b.b.c.BookingConverter               : entityListToModelList -- END
2019-01-12 10:17:42.194  INFO Abhideep-PC
			--- [nio-7191-exec-5] c.o.b.b.s.BookingServiceImpl             : getBookings -- END
2019-01-12 10:17:42.195  INFO Abhideep-PC
			--- [nio-7191-exec-5] c.o.b.b.c.BookingController              : getBookings -- END
2019-01-12 10:21:31.427  INFO Abhideep-PC
			--- [nio-7191-exec-2] c.o.b.b.c.BookingController              : getBookings -- START
2019-01-12 10:21:31.433  INFO Abhideep-PC
			--- [nio-7191-exec-2] c.o.b.b.s.BookingServiceImpl             : getBookings -- START
2019-01-12 10:21:31.436  INFO Abhideep-PC
			--- [nio-7191-exec-2] c.o.b.b.c.BookingConverter               : entityListToModelList -- START
2019-01-12 10:21:31.436  INFO Abhideep-PC
			--- [nio-7191-exec-2] c.o.b.b.c.BookingConverter               : entityListToModelList -- END
2019-01-12 10:21:31.436  INFO Abhideep-PC
			--- [nio-7191-exec-2] c.o.b.b.s.BookingServiceImpl             : getBookings -- END
2019-01-12 10:21:31.437  INFO Abhideep-PC
			--- [nio-7191-exec-2] c.o.b.b.c.BookingController              : getBookings -- END
2019-01-12 10:24:19.632  INFO Abhideep-PC
			--- [nio-7191-exec-6] c.o.b.b.c.BookingController              : getBookings -- START
2019-01-12 10:24:19.639  INFO Abhideep-PC
			--- [nio-7191-exec-6] c.o.b.b.s.BookingServiceImpl             : getBookings -- START
2019-01-12 10:24:19.642  INFO Abhideep-PC
			--- [nio-7191-exec-6] c.o.b.b.c.BookingConverter               : entityListToModelList -- START
2019-01-12 10:24:19.642  INFO Abhideep-PC
			--- [nio-7191-exec-6] c.o.b.b.c.BookingConverter               : entityListToModelList -- END
2019-01-12 10:24:19.642  INFO Abhideep-PC
			--- [nio-7191-exec-6] c.o.b.b.s.BookingServiceImpl             : getBookings -- END
2019-01-12 10:24:19.644  INFO Abhideep-PC
			--- [nio-7191-exec-6] c.o.b.b.c.BookingController              : getBookings -- END
2019-01-12 10:28:16.637  INFO Abhideep-PC
			--- [nio-7191-exec-8] c.o.b.b.c.BookingController              : getBookings -- START
2019-01-12 10:28:16.644  INFO Abhideep-PC
			--- [nio-7191-exec-8] c.o.b.b.s.BookingServiceImpl             : getBookings -- START
2019-01-12 10:28:16.647  INFO Abhideep-PC
			--- [nio-7191-exec-8] c.o.b.b.c.BookingConverter               : entityListToModelList -- START
2019-01-12 10:28:16.647  INFO Abhideep-PC
			--- [nio-7191-exec-8] c.o.b.b.c.BookingConverter               : entityListToModelList -- END
2019-01-12 10:28:16.647  INFO Abhideep-PC
			--- [nio-7191-exec-8] c.o.b.b.s.BookingServiceImpl             : getBookings -- END
2019-01-12 10:28:16.648  INFO Abhideep-PC
			--- [nio-7191-exec-8] c.o.b.b.c.BookingController              : getBookings -- END
2019-01-12 10:29:46.628  INFO Abhideep-PC
			--- [nio-7191-exec-9] c.o.b.b.c.BookingController              : getBookings -- START
2019-01-12 10:29:46.634  INFO Abhideep-PC
			--- [nio-7191-exec-9] c.o.b.b.s.BookingServiceImpl             : getBookings -- START
2019-01-12 10:29:46.637  INFO Abhideep-PC
			--- [nio-7191-exec-9] c.o.b.b.c.BookingConverter               : entityListToModelList -- START
2019-01-12 10:29:46.637  INFO Abhideep-PC
			--- [nio-7191-exec-9] c.o.b.b.c.BookingConverter               : entityListToModelList -- END
2019-01-12 10:29:46.637  INFO Abhideep-PC
			--- [nio-7191-exec-9] c.o.b.b.s.BookingServiceImpl             : getBookings -- END
2019-01-12 10:29:46.639  INFO Abhideep-PC
			--- [nio-7191-exec-9] c.o.b.b.c.BookingController              : getBookings -- END
2019-01-12 22:23:41.952  INFO Abhideep-PC
			--- [nio-7191-exec-1] c.o.b.b.c.BookingController              : getBookings -- START
2019-01-12 22:23:41.988  INFO Abhideep-PC
			--- [nio-7191-exec-1] c.o.b.b.s.BookingServiceImpl             : getBookings -- START
2019-01-12 22:23:42.076  INFO Abhideep-PC
			--- [nio-7191-exec-1] c.o.b.b.c.BookingConverter               : entityListToModelList -- START
2019-01-12 22:23:42.076  INFO Abhideep-PC
			--- [nio-7191-exec-1] c.o.b.b.c.BookingConverter               : entityListToModelList -- END
2019-01-12 22:23:42.076  INFO Abhideep-PC
			--- [nio-7191-exec-1] c.o.b.b.s.BookingServiceImpl             : getBookings -- END
2019-01-12 22:23:42.079  INFO Abhideep-PC
			--- [nio-7191-exec-1] c.o.b.b.c.BookingController              : getBookings -- END
2019-01-12 22:26:42.939  INFO Abhideep-PC
			--- [nio-7191-exec-2] c.o.b.b.c.BookingController              : getBookings -- START
2019-01-12 22:26:42.948  INFO Abhideep-PC
			--- [nio-7191-exec-2] c.o.b.b.s.BookingServiceImpl             : getBookings -- START
2019-01-12 22:26:42.955  INFO Abhideep-PC
			--- [nio-7191-exec-2] c.o.b.b.c.BookingConverter               : entityListToModelList -- START
2019-01-12 22:26:42.955  INFO Abhideep-PC
			--- [nio-7191-exec-2] c.o.b.b.c.BookingConverter               : entityListToModelList -- END
2019-01-12 22:26:42.955  INFO Abhideep-PC
			--- [nio-7191-exec-2] c.o.b.b.s.BookingServiceImpl             : getBookings -- END
2019-01-12 22:26:42.956  INFO Abhideep-PC
			--- [nio-7191-exec-2] c.o.b.b.c.BookingController              : getBookings -- END
2019-01-12 22:26:51.109  INFO Abhideep-PC
			--- [nio-7191-exec-3] c.o.b.b.c.BookingController              : getBookings -- START
2019-01-12 22:26:51.116  INFO Abhideep-PC
			--- [nio-7191-exec-3] c.o.b.b.s.BookingServiceImpl             : getBookings -- START
2019-01-12 22:26:51.120  INFO Abhideep-PC
			--- [nio-7191-exec-3] c.o.b.b.c.BookingConverter               : entityListToModelList -- START
2019-01-12 22:26:51.121  INFO Abhideep-PC
			--- [nio-7191-exec-3] c.o.b.b.c.BookingConverter               : entityListToModelList -- END
2019-01-12 22:26:51.121  INFO Abhideep-PC
			--- [nio-7191-exec-3] c.o.b.b.s.BookingServiceImpl             : getBookings -- END
2019-01-12 22:26:51.122  INFO Abhideep-PC
			--- [nio-7191-exec-3] c.o.b.b.c.BookingController              : getBookings -- END
2019-01-12 22:27:51.036  INFO Abhideep-PC
			--- [nio-7191-exec-5] c.o.b.b.c.BookingController              : getBookings -- START
2019-01-12 22:27:51.045  INFO Abhideep-PC
			--- [nio-7191-exec-5] c.o.b.b.s.BookingServiceImpl             : getBookings -- START
2019-01-12 22:27:51.048  INFO Abhideep-PC
			--- [nio-7191-exec-5] c.o.b.b.c.BookingConverter               : entityListToModelList -- START
2019-01-12 22:27:51.048  INFO Abhideep-PC
			--- [nio-7191-exec-5] c.o.b.b.c.BookingConverter               : entityListToModelList -- END
2019-01-12 22:27:51.048  INFO Abhideep-PC
			--- [nio-7191-exec-5] c.o.b.b.s.BookingServiceImpl             : getBookings -- END
2019-01-12 22:27:51.049  INFO Abhideep-PC
			--- [nio-7191-exec-5] c.o.b.b.c.BookingController              : getBookings -- END
2019-01-12 22:28:32.924  INFO Abhideep-PC
			--- [nio-7191-exec-7] c.o.b.b.c.BookingController              : getBookings -- START
2019-01-12 22:28:32.930  INFO Abhideep-PC
			--- [nio-7191-exec-7] c.o.b.b.s.BookingServiceImpl             : getBookings -- START
2019-01-12 22:28:32.932  INFO Abhideep-PC
			--- [nio-7191-exec-7] c.o.b.b.c.BookingConverter               : entityListToModelList -- START
2019-01-12 22:28:32.932  INFO Abhideep-PC
			--- [nio-7191-exec-7] c.o.b.b.c.BookingConverter               : entityListToModelList -- END
2019-01-12 22:28:32.932  INFO Abhideep-PC
			--- [nio-7191-exec-7] c.o.b.b.s.BookingServiceImpl             : getBookings -- END
2019-01-12 22:28:32.933  INFO Abhideep-PC
			--- [nio-7191-exec-7] c.o.b.b.c.BookingController              : getBookings -- END
2019-01-12 23:23:24.821  INFO Abhideep-PC
			--- [nio-7191-exec-8] c.o.b.b.c.BookingController              : getBookings -- START
2019-01-12 23:23:24.828  INFO Abhideep-PC
			--- [nio-7191-exec-8] c.o.b.b.s.BookingServiceImpl             : getBookings -- START
2019-01-12 23:23:24.831  INFO Abhideep-PC
			--- [nio-7191-exec-8] c.o.b.b.c.BookingConverter               : entityListToModelList -- START
2019-01-12 23:23:24.831  INFO Abhideep-PC
			--- [nio-7191-exec-8] c.o.b.b.c.BookingConverter               : entityListToModelList -- END
2019-01-12 23:23:24.831  INFO Abhideep-PC
			--- [nio-7191-exec-8] c.o.b.b.s.BookingServiceImpl             : getBookings -- END
2019-01-12 23:23:24.832  INFO Abhideep-PC
			--- [nio-7191-exec-8] c.o.b.b.c.BookingController              : getBookings -- END
2019-01-12 23:23:57.493  INFO Abhideep-PC
			--- [nio-7191-exec-9] c.o.b.b.c.BookingController              : getBookings -- START
2019-01-12 23:23:57.501  INFO Abhideep-PC
			--- [nio-7191-exec-9] c.o.b.b.s.BookingServiceImpl             : getBookings -- START
2019-01-12 23:23:57.504  INFO Abhideep-PC
			--- [nio-7191-exec-9] c.o.b.b.c.BookingConverter               : entityListToModelList -- START
2019-01-12 23:23:57.505  INFO Abhideep-PC
			--- [nio-7191-exec-9] c.o.b.b.c.BookingConverter               : entityListToModelList -- END
2019-01-12 23:23:57.505  INFO Abhideep-PC
			--- [nio-7191-exec-9] c.o.b.b.s.BookingServiceImpl             : getBookings -- END
2019-01-12 23:23:57.506  INFO Abhideep-PC
			--- [nio-7191-exec-9] c.o.b.b.c.BookingController              : getBookings -- END
2019-01-12 23:24:50.956  INFO Abhideep-PC
			--- [io-7191-exec-10] c.o.b.b.c.BookingController              : getBookings -- START
2019-01-12 23:24:50.965  INFO Abhideep-PC
			--- [io-7191-exec-10] c.o.b.b.s.BookingServiceImpl             : getBookings -- START
2019-01-12 23:24:50.969  INFO Abhideep-PC
			--- [io-7191-exec-10] c.o.b.b.c.BookingConverter               : entityListToModelList -- START
2019-01-12 23:24:50.969  INFO Abhideep-PC
			--- [io-7191-exec-10] c.o.b.b.c.BookingConverter               : entityListToModelList -- END
2019-01-12 23:24:50.969  INFO Abhideep-PC
			--- [io-7191-exec-10] c.o.b.b.s.BookingServiceImpl             : getBookings -- END
2019-01-12 23:24:50.971  INFO Abhideep-PC
			--- [io-7191-exec-10] c.o.b.b.c.BookingController              : getBookings -- END
2019-01-12 23:27:06.743  INFO Abhideep-PC
			--- [nio-7191-exec-1] c.o.b.b.c.BookingController              : getBookings -- START
2019-01-12 23:27:06.750  INFO Abhideep-PC
			--- [nio-7191-exec-1] c.o.b.b.s.BookingServiceImpl             : getBookings -- START
2019-01-12 23:27:06.753  INFO Abhideep-PC
			--- [nio-7191-exec-1] c.o.b.b.c.BookingConverter               : entityListToModelList -- START
2019-01-12 23:27:06.753  INFO Abhideep-PC
			--- [nio-7191-exec-1] c.o.b.b.c.BookingConverter               : entityListToModelList -- END
2019-01-12 23:27:06.753  INFO Abhideep-PC
			--- [nio-7191-exec-1] c.o.b.b.s.BookingServiceImpl             : getBookings -- END
2019-01-12 23:27:06.754  INFO Abhideep-PC
			--- [nio-7191-exec-1] c.o.b.b.c.BookingController              : getBookings -- END
