2019-01-25 00:40:55.424  INFO Abhideep-PC
			--- [nio-7191-exec-5] c.o.b.b.c.BookingController              : getBookings -- START
2019-01-25 00:40:55.452  INFO Abhideep-PC
			--- [nio-7191-exec-5] c.o.b.b.s.BookingServiceImpl             : getBookings -- START
2019-01-25 00:40:55.566  INFO Abhideep-PC
			--- [nio-7191-exec-5] c.o.b.b.c.BookingConverter               : entityListToModelList -- START
2019-01-25 00:40:55.566  INFO Abhideep-PC
			--- [nio-7191-exec-5] c.o.b.b.c.BookingConverter               : entityListToModelList -- END
2019-01-25 00:40:55.566  INFO Abhideep-PC
			--- [nio-7191-exec-5] c.o.b.b.s.BookingServiceImpl             : getBookings -- END
2019-01-25 00:40:55.570  INFO Abhideep-PC
			--- [nio-7191-exec-5] c.o.b.b.c.BookingController              : getBookings -- END
2019-01-25 00:40:55.596  INFO Abhideep-PC
			--- [nio-7191-exec-9] c.o.b.b.c.BookingController              : getBookings -- START
2019-01-25 00:40:55.606  INFO Abhideep-PC
			--- [nio-7191-exec-9] c.o.b.b.s.BookingServiceImpl             : getBookings -- START
2019-01-25 00:40:55.609  INFO Abhideep-PC
			--- [nio-7191-exec-9] c.o.b.b.c.BookingConverter               : entityListToModelList -- START
2019-01-25 00:40:55.609  INFO Abhideep-PC
			--- [nio-7191-exec-9] c.o.b.b.c.BookingConverter               : entityListToModelList -- END
2019-01-25 00:40:55.610  INFO Abhideep-PC
			--- [nio-7191-exec-9] c.o.b.b.s.BookingServiceImpl             : getBookings -- END
2019-01-25 00:40:55.611  INFO Abhideep-PC
			--- [nio-7191-exec-9] c.o.b.b.c.BookingController              : getBookings -- END
2019-01-25 00:43:38.640  INFO Abhideep-PC
			--- [io-7191-exec-10] c.o.b.b.c.BookingController              : getBookings -- START
2019-01-25 00:43:38.648  INFO Abhideep-PC
			--- [io-7191-exec-10] c.o.b.b.s.BookingServiceImpl             : getBookings -- START
2019-01-25 00:43:38.650  INFO Abhideep-PC
			--- [io-7191-exec-10] c.o.b.b.c.BookingConverter               : entityListToModelList -- START
2019-01-25 00:43:38.650  INFO Abhideep-PC
			--- [io-7191-exec-10] c.o.b.b.c.BookingConverter               : entityListToModelList -- END
2019-01-25 00:43:38.650  INFO Abhideep-PC
			--- [io-7191-exec-10] c.o.b.b.s.BookingServiceImpl             : getBookings -- END
2019-01-25 00:43:38.651  INFO Abhideep-PC
			--- [io-7191-exec-10] c.o.b.b.c.BookingController              : getBookings -- END
2019-01-25 00:43:38.674  INFO Abhideep-PC
			--- [nio-7191-exec-6] c.o.b.b.c.BookingController              : getBookings -- START
2019-01-25 00:43:38.681  INFO Abhideep-PC
			--- [nio-7191-exec-6] c.o.b.b.s.BookingServiceImpl             : getBookings -- START
2019-01-25 00:43:38.684  INFO Abhideep-PC
			--- [nio-7191-exec-6] c.o.b.b.c.BookingConverter               : entityListToModelList -- START
2019-01-25 00:43:38.684  INFO Abhideep-PC
			--- [nio-7191-exec-6] c.o.b.b.c.BookingConverter               : entityListToModelList -- END
2019-01-25 00:43:38.684  INFO Abhideep-PC
			--- [nio-7191-exec-6] c.o.b.b.s.BookingServiceImpl             : getBookings -- END
2019-01-25 00:43:38.685  INFO Abhideep-PC
			--- [nio-7191-exec-6] c.o.b.b.c.BookingController              : getBookings -- END
2019-01-25 00:45:45.146  INFO Abhideep-PC
			--- [nio-7191-exec-2] c.o.b.b.c.BookingController              : getBookings -- START
2019-01-25 00:45:45.159  INFO Abhideep-PC
			--- [nio-7191-exec-2] c.o.b.b.s.BookingServiceImpl             : getBookings -- START
2019-01-25 00:45:45.169  INFO Abhideep-PC
			--- [nio-7191-exec-2] c.o.b.b.c.BookingConverter               : entityListToModelList -- START
2019-01-25 00:45:45.169  INFO Abhideep-PC
			--- [nio-7191-exec-2] c.o.b.b.c.BookingConverter               : entityListToModelList -- END
2019-01-25 00:45:45.169  INFO Abhideep-PC
			--- [nio-7191-exec-2] c.o.b.b.s.BookingServiceImpl             : getBookings -- END
2019-01-25 00:45:45.170  INFO Abhideep-PC
			--- [nio-7191-exec-2] c.o.b.b.c.BookingController              : getBookings -- END
2019-01-25 00:45:45.178  INFO Abhideep-PC
			--- [nio-7191-exec-8] c.o.b.b.c.BookingController              : getBookings -- START
2019-01-25 00:45:45.184  INFO Abhideep-PC
			--- [nio-7191-exec-8] c.o.b.b.s.BookingServiceImpl             : getBookings -- START
2019-01-25 00:45:45.186  INFO Abhideep-PC
			--- [nio-7191-exec-8] c.o.b.b.c.BookingConverter               : entityListToModelList -- START
2019-01-25 00:45:45.187  INFO Abhideep-PC
			--- [nio-7191-exec-8] c.o.b.b.c.BookingConverter               : entityListToModelList -- END
2019-01-25 00:45:45.187  INFO Abhideep-PC
			--- [nio-7191-exec-8] c.o.b.b.s.BookingServiceImpl             : getBookings -- END
2019-01-25 00:45:45.188  INFO Abhideep-PC
			--- [nio-7191-exec-8] c.o.b.b.c.BookingController              : getBookings -- END
2019-01-25 00:46:57.617  INFO Abhideep-PC
			--- [nio-7191-exec-4] c.o.b.b.c.BookingController              : getBookings -- START
2019-01-25 00:46:57.627  INFO Abhideep-PC
			--- [nio-7191-exec-4] c.o.b.b.s.BookingServiceImpl             : getBookings -- START
2019-01-25 00:46:57.630  INFO Abhideep-PC
			--- [nio-7191-exec-4] c.o.b.b.c.BookingConverter               : entityListToModelList -- START
2019-01-25 00:46:57.631  INFO Abhideep-PC
			--- [nio-7191-exec-4] c.o.b.b.c.BookingConverter               : entityListToModelList -- END
2019-01-25 00:46:57.631  INFO Abhideep-PC
			--- [nio-7191-exec-4] c.o.b.b.s.BookingServiceImpl             : getBookings -- END
2019-01-25 00:46:57.632  INFO Abhideep-PC
			--- [nio-7191-exec-4] c.o.b.b.c.BookingController              : getBookings -- END
2019-01-25 00:46:57.637  INFO Abhideep-PC
			--- [nio-7191-exec-7] c.o.b.b.c.BookingController              : getBookings -- START
2019-01-25 00:46:57.644  INFO Abhideep-PC
			--- [nio-7191-exec-7] c.o.b.b.s.BookingServiceImpl             : getBookings -- START
2019-01-25 00:46:57.646  INFO Abhideep-PC
			--- [nio-7191-exec-7] c.o.b.b.c.BookingConverter               : entityListToModelList -- START
2019-01-25 00:46:57.646  INFO Abhideep-PC
			--- [nio-7191-exec-7] c.o.b.b.c.BookingConverter               : entityListToModelList -- END
2019-01-25 00:46:57.646  INFO Abhideep-PC
			--- [nio-7191-exec-7] c.o.b.b.s.BookingServiceImpl             : getBookings -- END
2019-01-25 00:46:57.647  INFO Abhideep-PC
			--- [nio-7191-exec-7] c.o.b.b.c.BookingController              : getBookings -- END
2019-01-25 02:36:41.742  INFO Abhideep-PC
			--- [nio-7191-exec-3] c.o.b.b.c.BookingController              : getBookings -- START
2019-01-25 02:36:41.750  INFO Abhideep-PC
			--- [nio-7191-exec-3] c.o.b.b.s.BookingServiceImpl             : getBookings -- START
2019-01-25 02:36:41.752  INFO Abhideep-PC
			--- [nio-7191-exec-3] c.o.b.b.c.BookingConverter               : entityListToModelList -- START
2019-01-25 02:36:41.752  INFO Abhideep-PC
			--- [nio-7191-exec-3] c.o.b.b.c.BookingConverter               : entityListToModelList -- END
2019-01-25 02:36:41.752  INFO Abhideep-PC
			--- [nio-7191-exec-3] c.o.b.b.s.BookingServiceImpl             : getBookings -- END
2019-01-25 02:36:41.753  INFO Abhideep-PC
			--- [nio-7191-exec-3] c.o.b.b.c.BookingController              : getBookings -- END
2019-01-25 02:36:41.774  INFO Abhideep-PC
			--- [nio-7191-exec-1] c.o.b.b.c.BookingController              : getBookings -- START
2019-01-25 02:36:41.782  INFO Abhideep-PC
			--- [nio-7191-exec-1] c.o.b.b.s.BookingServiceImpl             : getBookings -- START
2019-01-25 02:36:41.784  INFO Abhideep-PC
			--- [nio-7191-exec-1] c.o.b.b.c.BookingConverter               : entityListToModelList -- START
2019-01-25 02:36:41.784  INFO Abhideep-PC
			--- [nio-7191-exec-1] c.o.b.b.c.BookingConverter               : entityListToModelList -- END
2019-01-25 02:36:41.784  INFO Abhideep-PC
			--- [nio-7191-exec-1] c.o.b.b.s.BookingServiceImpl             : getBookings -- END
2019-01-25 02:36:41.785  INFO Abhideep-PC
			--- [nio-7191-exec-1] c.o.b.b.c.BookingController              : getBookings -- END
2019-01-25 02:41:04.025  INFO Abhideep-PC
			--- [nio-7191-exec-5] c.o.b.b.c.BookingController              : getBookings -- START
2019-01-25 02:41:04.033  INFO Abhideep-PC
			--- [nio-7191-exec-5] c.o.b.b.s.BookingServiceImpl             : getBookings -- START
2019-01-25 02:41:04.036  INFO Abhideep-PC
			--- [nio-7191-exec-5] c.o.b.b.c.BookingConverter               : entityListToModelList -- START
2019-01-25 02:41:04.036  INFO Abhideep-PC
			--- [nio-7191-exec-5] c.o.b.b.c.BookingConverter               : entityListToModelList -- END
2019-01-25 02:41:04.036  INFO Abhideep-PC
			--- [nio-7191-exec-5] c.o.b.b.s.BookingServiceImpl             : getBookings -- END
2019-01-25 02:41:04.037  INFO Abhideep-PC
			--- [nio-7191-exec-5] c.o.b.b.c.BookingController              : getBookings -- END
2019-01-25 02:41:04.061  INFO Abhideep-PC
			--- [nio-7191-exec-9] c.o.b.b.c.BookingController              : getBookings -- START
2019-01-25 02:41:04.068  INFO Abhideep-PC
			--- [nio-7191-exec-9] c.o.b.b.s.BookingServiceImpl             : getBookings -- START
2019-01-25 02:41:04.070  INFO Abhideep-PC
			--- [nio-7191-exec-9] c.o.b.b.c.BookingConverter               : entityListToModelList -- START
2019-01-25 02:41:04.070  INFO Abhideep-PC
			--- [nio-7191-exec-9] c.o.b.b.c.BookingConverter               : entityListToModelList -- END
2019-01-25 02:41:04.070  INFO Abhideep-PC
			--- [nio-7191-exec-9] c.o.b.b.s.BookingServiceImpl             : getBookings -- END
2019-01-25 02:41:04.071  INFO Abhideep-PC
			--- [nio-7191-exec-9] c.o.b.b.c.BookingController              : getBookings -- END
2019-01-25 02:54:51.131  INFO Abhideep-PC
			--- [io-7191-exec-10] c.o.b.b.c.BookingController              : getBookings -- START
2019-01-25 02:54:51.138  INFO Abhideep-PC
			--- [io-7191-exec-10] c.o.b.b.s.BookingServiceImpl             : getBookings -- START
2019-01-25 02:54:51.140  INFO Abhideep-PC
			--- [io-7191-exec-10] c.o.b.b.c.BookingConverter               : entityListToModelList -- START
2019-01-25 02:54:51.140  INFO Abhideep-PC
			--- [io-7191-exec-10] c.o.b.b.c.BookingConverter               : entityListToModelList -- END
2019-01-25 02:54:51.140  INFO Abhideep-PC
			--- [io-7191-exec-10] c.o.b.b.s.BookingServiceImpl             : getBookings -- END
2019-01-25 02:54:51.141  INFO Abhideep-PC
			--- [io-7191-exec-10] c.o.b.b.c.BookingController              : getBookings -- END
2019-01-25 02:54:51.164  INFO Abhideep-PC
			--- [nio-7191-exec-6] c.o.b.b.c.BookingController              : getBookings -- START
2019-01-25 02:54:51.171  INFO Abhideep-PC
			--- [nio-7191-exec-6] c.o.b.b.s.BookingServiceImpl             : getBookings -- START
2019-01-25 02:54:51.174  INFO Abhideep-PC
			--- [nio-7191-exec-6] c.o.b.b.c.BookingConverter               : entityListToModelList -- START
2019-01-25 02:54:51.174  INFO Abhideep-PC
			--- [nio-7191-exec-6] c.o.b.b.c.BookingConverter               : entityListToModelList -- END
2019-01-25 02:54:51.174  INFO Abhideep-PC
			--- [nio-7191-exec-6] c.o.b.b.s.BookingServiceImpl             : getBookings -- END
2019-01-25 02:54:51.175  INFO Abhideep-PC
			--- [nio-7191-exec-6] c.o.b.b.c.BookingController              : getBookings -- END
2019-01-25 02:55:15.195  INFO Abhideep-PC
			--- [nio-7191-exec-2] c.o.b.b.c.BookingController              : getBookings -- START
2019-01-25 02:55:15.204  INFO Abhideep-PC
			--- [nio-7191-exec-2] c.o.b.b.s.BookingServiceImpl             : getBookings -- START
2019-01-25 02:55:15.206  INFO Abhideep-PC
			--- [nio-7191-exec-2] c.o.b.b.c.BookingConverter               : entityListToModelList -- START
2019-01-25 02:55:15.207  INFO Abhideep-PC
			--- [nio-7191-exec-2] c.o.b.b.c.BookingConverter               : entityListToModelList -- END
2019-01-25 02:55:15.207  INFO Abhideep-PC
			--- [nio-7191-exec-2] c.o.b.b.s.BookingServiceImpl             : getBookings -- END
2019-01-25 02:55:15.209  INFO Abhideep-PC
			--- [nio-7191-exec-2] c.o.b.b.c.BookingController              : getBookings -- END
2019-01-25 02:55:15.221  INFO Abhideep-PC
			--- [nio-7191-exec-8] c.o.b.b.c.BookingController              : getBookings -- START
2019-01-25 02:55:15.233  INFO Abhideep-PC
			--- [nio-7191-exec-8] c.o.b.b.s.BookingServiceImpl             : getBookings -- START
2019-01-25 02:55:15.236  INFO Abhideep-PC
			--- [nio-7191-exec-8] c.o.b.b.c.BookingConverter               : entityListToModelList -- START
2019-01-25 02:55:15.236  INFO Abhideep-PC
			--- [nio-7191-exec-8] c.o.b.b.c.BookingConverter               : entityListToModelList -- END
2019-01-25 02:55:15.236  INFO Abhideep-PC
			--- [nio-7191-exec-8] c.o.b.b.s.BookingServiceImpl             : getBookings -- END
2019-01-25 02:55:15.237  INFO Abhideep-PC
			--- [nio-7191-exec-8] c.o.b.b.c.BookingController              : getBookings -- END
2019-01-25 02:56:51.259  INFO Abhideep-PC
			--- [nio-7191-exec-4] c.o.b.b.c.BookingController              : getBookings -- START
2019-01-25 02:56:51.266  INFO Abhideep-PC
			--- [nio-7191-exec-4] c.o.b.b.s.BookingServiceImpl             : getBookings -- START
2019-01-25 02:56:51.269  INFO Abhideep-PC
			--- [nio-7191-exec-4] c.o.b.b.c.BookingConverter               : entityListToModelList -- START
2019-01-25 02:56:51.269  INFO Abhideep-PC
			--- [nio-7191-exec-4] c.o.b.b.c.BookingConverter               : entityListToModelList -- END
2019-01-25 02:56:51.269  INFO Abhideep-PC
			--- [nio-7191-exec-4] c.o.b.b.s.BookingServiceImpl             : getBookings -- END
2019-01-25 02:56:51.270  INFO Abhideep-PC
			--- [nio-7191-exec-4] c.o.b.b.c.BookingController              : getBookings -- END
2019-01-25 02:56:51.279  INFO Abhideep-PC
			--- [nio-7191-exec-7] c.o.b.b.c.BookingController              : getBookings -- START
2019-01-25 02:56:51.287  INFO Abhideep-PC
			--- [nio-7191-exec-7] c.o.b.b.s.BookingServiceImpl             : getBookings -- START
2019-01-25 02:56:51.289  INFO Abhideep-PC
			--- [nio-7191-exec-7] c.o.b.b.c.BookingConverter               : entityListToModelList -- START
2019-01-25 02:56:51.289  INFO Abhideep-PC
			--- [nio-7191-exec-7] c.o.b.b.c.BookingConverter               : entityListToModelList -- END
2019-01-25 02:56:51.289  INFO Abhideep-PC
			--- [nio-7191-exec-7] c.o.b.b.s.BookingServiceImpl             : getBookings -- END
2019-01-25 02:56:51.291  INFO Abhideep-PC
			--- [nio-7191-exec-7] c.o.b.b.c.BookingController              : getBookings -- END
2019-01-25 02:57:29.257  INFO Abhideep-PC
			--- [nio-7191-exec-1] c.o.b.b.c.BookingController              : getBookings -- START
2019-01-25 02:57:29.266  INFO Abhideep-PC
			--- [nio-7191-exec-1] c.o.b.b.s.BookingServiceImpl             : getBookings -- START
2019-01-25 02:57:29.268  INFO Abhideep-PC
			--- [nio-7191-exec-1] c.o.b.b.c.BookingConverter               : entityListToModelList -- START
2019-01-25 02:57:29.268  INFO Abhideep-PC
			--- [nio-7191-exec-1] c.o.b.b.c.BookingConverter               : entityListToModelList -- END
2019-01-25 02:57:29.268  INFO Abhideep-PC
			--- [nio-7191-exec-1] c.o.b.b.s.BookingServiceImpl             : getBookings -- END
2019-01-25 02:57:29.269  INFO Abhideep-PC
			--- [nio-7191-exec-1] c.o.b.b.c.BookingController              : getBookings -- END
2019-01-25 02:57:29.275  INFO Abhideep-PC
			--- [nio-7191-exec-5] c.o.b.b.c.BookingController              : getBookings -- START
2019-01-25 02:57:29.284  INFO Abhideep-PC
			--- [nio-7191-exec-5] c.o.b.b.s.BookingServiceImpl             : getBookings -- START
2019-01-25 02:57:29.286  INFO Abhideep-PC
			--- [nio-7191-exec-5] c.o.b.b.c.BookingConverter               : entityListToModelList -- START
2019-01-25 02:57:29.287  INFO Abhideep-PC
			--- [nio-7191-exec-5] c.o.b.b.c.BookingConverter               : entityListToModelList -- END
2019-01-25 02:57:29.287  INFO Abhideep-PC
			--- [nio-7191-exec-5] c.o.b.b.s.BookingServiceImpl             : getBookings -- END
2019-01-25 02:57:29.288  INFO Abhideep-PC
			--- [nio-7191-exec-5] c.o.b.b.c.BookingController              : getBookings -- END
2019-01-25 02:58:17.335  INFO Abhideep-PC
			--- [nio-7191-exec-9] c.o.b.b.c.BookingController              : getBookings -- START
2019-01-25 02:58:17.342  INFO Abhideep-PC
			--- [nio-7191-exec-9] c.o.b.b.s.BookingServiceImpl             : getBookings -- START
2019-01-25 02:58:17.343  INFO Abhideep-PC
			--- [nio-7191-exec-9] c.o.b.b.c.BookingConverter               : entityListToModelList -- START
2019-01-25 02:58:17.343  INFO Abhideep-PC
			--- [nio-7191-exec-9] c.o.b.b.c.BookingConverter               : entityListToModelList -- END
2019-01-25 02:58:17.343  INFO Abhideep-PC
			--- [nio-7191-exec-9] c.o.b.b.s.BookingServiceImpl             : getBookings -- END
2019-01-25 02:58:17.345  INFO Abhideep-PC
			--- [nio-7191-exec-9] c.o.b.b.c.BookingController              : getBookings -- END
2019-01-25 02:58:17.356  INFO Abhideep-PC
			--- [io-7191-exec-10] c.o.b.b.c.BookingController              : getBookings -- START
2019-01-25 02:58:17.365  INFO Abhideep-PC
			--- [io-7191-exec-10] c.o.b.b.s.BookingServiceImpl             : getBookings -- START
2019-01-25 02:58:17.368  INFO Abhideep-PC
			--- [io-7191-exec-10] c.o.b.b.c.BookingConverter               : entityListToModelList -- START
2019-01-25 02:58:17.368  INFO Abhideep-PC
			--- [io-7191-exec-10] c.o.b.b.c.BookingConverter               : entityListToModelList -- END
2019-01-25 02:58:17.368  INFO Abhideep-PC
			--- [io-7191-exec-10] c.o.b.b.s.BookingServiceImpl             : getBookings -- END
2019-01-25 02:58:17.369  INFO Abhideep-PC
			--- [io-7191-exec-10] c.o.b.b.c.BookingController              : getBookings -- END
2019-01-25 02:58:34.235  INFO Abhideep-PC
			--- [nio-7191-exec-6] c.o.b.b.c.BookingController              : getBookings -- START
2019-01-25 02:58:34.241  INFO Abhideep-PC
			--- [nio-7191-exec-6] c.o.b.b.s.BookingServiceImpl             : getBookings -- START
2019-01-25 02:58:34.243  INFO Abhideep-PC
			--- [nio-7191-exec-6] c.o.b.b.c.BookingConverter               : entityListToModelList -- START
2019-01-25 02:58:34.243  INFO Abhideep-PC
			--- [nio-7191-exec-6] c.o.b.b.c.BookingConverter               : entityListToModelList -- END
2019-01-25 02:58:34.243  INFO Abhideep-PC
			--- [nio-7191-exec-6] c.o.b.b.s.BookingServiceImpl             : getBookings -- END
2019-01-25 02:58:34.244  INFO Abhideep-PC
			--- [nio-7191-exec-6] c.o.b.b.c.BookingController              : getBookings -- END
2019-01-25 02:58:34.251  INFO Abhideep-PC
			--- [nio-7191-exec-2] c.o.b.b.c.BookingController              : getBookings -- START
2019-01-25 02:58:34.258  INFO Abhideep-PC
			--- [nio-7191-exec-2] c.o.b.b.s.BookingServiceImpl             : getBookings -- START
2019-01-25 02:58:34.260  INFO Abhideep-PC
			--- [nio-7191-exec-2] c.o.b.b.c.BookingConverter               : entityListToModelList -- START
2019-01-25 02:58:34.260  INFO Abhideep-PC
			--- [nio-7191-exec-2] c.o.b.b.c.BookingConverter               : entityListToModelList -- END
2019-01-25 02:58:34.261  INFO Abhideep-PC
			--- [nio-7191-exec-2] c.o.b.b.s.BookingServiceImpl             : getBookings -- END
2019-01-25 02:58:34.262  INFO Abhideep-PC
			--- [nio-7191-exec-2] c.o.b.b.c.BookingController              : getBookings -- END
2019-01-25 03:00:28.459  INFO Abhideep-PC
			--- [nio-7191-exec-8] c.o.b.b.c.BookingController              : getBookings -- START
2019-01-25 03:00:28.468  INFO Abhideep-PC
			--- [nio-7191-exec-8] c.o.b.b.s.BookingServiceImpl             : getBookings -- START
2019-01-25 03:00:28.470  INFO Abhideep-PC
			--- [nio-7191-exec-8] c.o.b.b.c.BookingConverter               : entityListToModelList -- START
2019-01-25 03:00:28.470  INFO Abhideep-PC
			--- [nio-7191-exec-8] c.o.b.b.c.BookingConverter               : entityListToModelList -- END
2019-01-25 03:00:28.470  INFO Abhideep-PC
			--- [nio-7191-exec-8] c.o.b.b.s.BookingServiceImpl             : getBookings -- END
2019-01-25 03:00:28.471  INFO Abhideep-PC
			--- [nio-7191-exec-8] c.o.b.b.c.BookingController              : getBookings -- END
2019-01-25 03:00:28.477  INFO Abhideep-PC
			--- [nio-7191-exec-4] c.o.b.b.c.BookingController              : getBookings -- START
2019-01-25 03:00:28.483  INFO Abhideep-PC
			--- [nio-7191-exec-4] c.o.b.b.s.BookingServiceImpl             : getBookings -- START
2019-01-25 03:00:28.484  INFO Abhideep-PC
			--- [nio-7191-exec-4] c.o.b.b.c.BookingConverter               : entityListToModelList -- START
2019-01-25 03:00:28.484  INFO Abhideep-PC
			--- [nio-7191-exec-4] c.o.b.b.c.BookingConverter               : entityListToModelList -- END
2019-01-25 03:00:28.484  INFO Abhideep-PC
			--- [nio-7191-exec-4] c.o.b.b.s.BookingServiceImpl             : getBookings -- END
2019-01-25 03:00:28.485  INFO Abhideep-PC
			--- [nio-7191-exec-4] c.o.b.b.c.BookingController              : getBookings -- END
2019-01-25 03:01:57.288  INFO Abhideep-PC
			--- [nio-7191-exec-3] c.o.b.b.c.BookingController              : getBookings -- START
2019-01-25 03:01:57.294  INFO Abhideep-PC
			--- [nio-7191-exec-3] c.o.b.b.s.BookingServiceImpl             : getBookings -- START
2019-01-25 03:01:57.296  INFO Abhideep-PC
			--- [nio-7191-exec-3] c.o.b.b.c.BookingConverter               : entityListToModelList -- START
2019-01-25 03:01:57.296  INFO Abhideep-PC
			--- [nio-7191-exec-3] c.o.b.b.c.BookingConverter               : entityListToModelList -- END
2019-01-25 03:01:57.296  INFO Abhideep-PC
			--- [nio-7191-exec-3] c.o.b.b.s.BookingServiceImpl             : getBookings -- END
2019-01-25 03:01:57.297  INFO Abhideep-PC
			--- [nio-7191-exec-3] c.o.b.b.c.BookingController              : getBookings -- END
2019-01-25 03:01:57.309  INFO Abhideep-PC
			--- [nio-7191-exec-1] c.o.b.b.c.BookingController              : getBookings -- START
2019-01-25 03:01:57.316  INFO Abhideep-PC
			--- [nio-7191-exec-1] c.o.b.b.s.BookingServiceImpl             : getBookings -- START
2019-01-25 03:01:57.318  INFO Abhideep-PC
			--- [nio-7191-exec-1] c.o.b.b.c.BookingConverter               : entityListToModelList -- START
2019-01-25 03:01:57.318  INFO Abhideep-PC
			--- [nio-7191-exec-1] c.o.b.b.c.BookingConverter               : entityListToModelList -- END
2019-01-25 03:01:57.318  INFO Abhideep-PC
			--- [nio-7191-exec-1] c.o.b.b.s.BookingServiceImpl             : getBookings -- END
2019-01-25 03:01:57.319  INFO Abhideep-PC
			--- [nio-7191-exec-1] c.o.b.b.c.BookingController              : getBookings -- END
2019-01-25 03:09:43.471  INFO Abhideep-PC
			--- [nio-7191-exec-9] c.o.b.b.c.BookingController              : getBookings -- START
2019-01-25 03:09:43.478  INFO Abhideep-PC
			--- [nio-7191-exec-9] c.o.b.b.s.BookingServiceImpl             : getBookings -- START
2019-01-25 03:09:43.480  INFO Abhideep-PC
			--- [nio-7191-exec-9] c.o.b.b.c.BookingConverter               : entityListToModelList -- START
2019-01-25 03:09:43.480  INFO Abhideep-PC
			--- [nio-7191-exec-9] c.o.b.b.c.BookingConverter               : entityListToModelList -- END
2019-01-25 03:09:43.481  INFO Abhideep-PC
			--- [nio-7191-exec-9] c.o.b.b.s.BookingServiceImpl             : getBookings -- END
2019-01-25 03:09:43.482  INFO Abhideep-PC
			--- [nio-7191-exec-9] c.o.b.b.c.BookingController              : getBookings -- END
2019-01-25 03:09:43.490  INFO Abhideep-PC
			--- [io-7191-exec-10] c.o.b.b.c.BookingController              : getBookings -- START
2019-01-25 03:09:43.497  INFO Abhideep-PC
			--- [io-7191-exec-10] c.o.b.b.s.BookingServiceImpl             : getBookings -- START
2019-01-25 03:09:43.498  INFO Abhideep-PC
			--- [io-7191-exec-10] c.o.b.b.c.BookingConverter               : entityListToModelList -- START
2019-01-25 03:09:43.499  INFO Abhideep-PC
			--- [io-7191-exec-10] c.o.b.b.c.BookingConverter               : entityListToModelList -- END
2019-01-25 03:09:43.499  INFO Abhideep-PC
			--- [io-7191-exec-10] c.o.b.b.s.BookingServiceImpl             : getBookings -- END
2019-01-25 03:09:43.499  INFO Abhideep-PC
			--- [io-7191-exec-10] c.o.b.b.c.BookingController              : getBookings -- END
2019-01-25 03:15:28.181  INFO Abhideep-PC
			--- [nio-7191-exec-6] c.o.b.b.c.BookingController              : getBookings -- START
2019-01-25 03:15:28.188  INFO Abhideep-PC
			--- [nio-7191-exec-6] c.o.b.b.s.BookingServiceImpl             : getBookings -- START
2019-01-25 03:15:28.190  INFO Abhideep-PC
			--- [nio-7191-exec-6] c.o.b.b.c.BookingConverter               : entityListToModelList -- START
2019-01-25 03:15:28.190  INFO Abhideep-PC
			--- [nio-7191-exec-6] c.o.b.b.c.BookingConverter               : entityListToModelList -- END
2019-01-25 03:15:28.190  INFO Abhideep-PC
			--- [nio-7191-exec-6] c.o.b.b.s.BookingServiceImpl             : getBookings -- END
2019-01-25 03:15:28.191  INFO Abhideep-PC
			--- [nio-7191-exec-6] c.o.b.b.c.BookingController              : getBookings -- END
2019-01-25 03:15:28.210  INFO Abhideep-PC
			--- [nio-7191-exec-2] c.o.b.b.c.BookingController              : getBookings -- START
2019-01-25 03:15:28.216  INFO Abhideep-PC
			--- [nio-7191-exec-2] c.o.b.b.s.BookingServiceImpl             : getBookings -- START
2019-01-25 03:15:28.219  INFO Abhideep-PC
			--- [nio-7191-exec-2] c.o.b.b.c.BookingConverter               : entityListToModelList -- START
2019-01-25 03:15:28.219  INFO Abhideep-PC
			--- [nio-7191-exec-2] c.o.b.b.c.BookingConverter               : entityListToModelList -- END
2019-01-25 03:15:28.219  INFO Abhideep-PC
			--- [nio-7191-exec-2] c.o.b.b.s.BookingServiceImpl             : getBookings -- END
2019-01-25 03:15:28.220  INFO Abhideep-PC
			--- [nio-7191-exec-2] c.o.b.b.c.BookingController              : getBookings -- END
2019-01-25 03:16:25.694  INFO Abhideep-PC
			--- [nio-7191-exec-8] c.o.b.b.c.BookingController              : getBookings -- START
2019-01-25 03:16:25.700  INFO Abhideep-PC
			--- [nio-7191-exec-8] c.o.b.b.s.BookingServiceImpl             : getBookings -- START
2019-01-25 03:16:25.702  INFO Abhideep-PC
			--- [nio-7191-exec-8] c.o.b.b.c.BookingConverter               : entityListToModelList -- START
2019-01-25 03:16:25.702  INFO Abhideep-PC
			--- [nio-7191-exec-8] c.o.b.b.c.BookingConverter               : entityListToModelList -- END
2019-01-25 03:16:25.702  INFO Abhideep-PC
			--- [nio-7191-exec-8] c.o.b.b.s.BookingServiceImpl             : getBookings -- END
2019-01-25 03:16:25.703  INFO Abhideep-PC
			--- [nio-7191-exec-8] c.o.b.b.c.BookingController              : getBookings -- END
2019-01-25 03:16:25.709  INFO Abhideep-PC
			--- [nio-7191-exec-4] c.o.b.b.c.BookingController              : getBookings -- START
2019-01-25 03:16:25.714  INFO Abhideep-PC
			--- [nio-7191-exec-4] c.o.b.b.s.BookingServiceImpl             : getBookings -- START
2019-01-25 03:16:25.715  INFO Abhideep-PC
			--- [nio-7191-exec-4] c.o.b.b.c.BookingConverter               : entityListToModelList -- START
2019-01-25 03:16:25.715  INFO Abhideep-PC
			--- [nio-7191-exec-4] c.o.b.b.c.BookingConverter               : entityListToModelList -- END
2019-01-25 03:16:25.715  INFO Abhideep-PC
			--- [nio-7191-exec-4] c.o.b.b.s.BookingServiceImpl             : getBookings -- END
2019-01-25 03:16:25.716  INFO Abhideep-PC
			--- [nio-7191-exec-4] c.o.b.b.c.BookingController              : getBookings -- END
2019-01-25 03:22:19.326  INFO Abhideep-PC
			--- [nio-7191-exec-7] c.o.b.b.c.BookingController              : getBookings -- START
2019-01-25 03:22:19.332  INFO Abhideep-PC
			--- [nio-7191-exec-7] c.o.b.b.s.BookingServiceImpl             : getBookings -- START
2019-01-25 03:22:19.333  INFO Abhideep-PC
			--- [nio-7191-exec-7] c.o.b.b.c.BookingConverter               : entityListToModelList -- START
2019-01-25 03:22:19.333  INFO Abhideep-PC
			--- [nio-7191-exec-7] c.o.b.b.c.BookingConverter               : entityListToModelList -- END
2019-01-25 03:22:19.333  INFO Abhideep-PC
			--- [nio-7191-exec-7] c.o.b.b.s.BookingServiceImpl             : getBookings -- END
2019-01-25 03:22:19.334  INFO Abhideep-PC
			--- [nio-7191-exec-7] c.o.b.b.c.BookingController              : getBookings -- END
2019-01-25 03:22:19.351  INFO Abhideep-PC
			--- [nio-7191-exec-3] c.o.b.b.c.BookingController              : getBookings -- START
2019-01-25 03:22:19.356  INFO Abhideep-PC
			--- [nio-7191-exec-3] c.o.b.b.s.BookingServiceImpl             : getBookings -- START
2019-01-25 03:22:19.358  INFO Abhideep-PC
			--- [nio-7191-exec-3] c.o.b.b.c.BookingConverter               : entityListToModelList -- START
2019-01-25 03:22:19.358  INFO Abhideep-PC
			--- [nio-7191-exec-3] c.o.b.b.c.BookingConverter               : entityListToModelList -- END
2019-01-25 03:22:19.358  INFO Abhideep-PC
			--- [nio-7191-exec-3] c.o.b.b.s.BookingServiceImpl             : getBookings -- END
2019-01-25 03:22:19.360  INFO Abhideep-PC
			--- [nio-7191-exec-3] c.o.b.b.c.BookingController              : getBookings -- END
2019-01-25 03:22:40.979  INFO Abhideep-PC
			--- [nio-7191-exec-1] c.o.b.b.c.BookingController              : getBookings -- START
2019-01-25 03:22:40.986  INFO Abhideep-PC
			--- [nio-7191-exec-1] c.o.b.b.s.BookingServiceImpl             : getBookings -- START
2019-01-25 03:22:40.987  INFO Abhideep-PC
			--- [nio-7191-exec-1] c.o.b.b.c.BookingConverter               : entityListToModelList -- START
2019-01-25 03:22:40.988  INFO Abhideep-PC
			--- [nio-7191-exec-1] c.o.b.b.c.BookingConverter               : entityListToModelList -- END
2019-01-25 03:22:40.988  INFO Abhideep-PC
			--- [nio-7191-exec-1] c.o.b.b.s.BookingServiceImpl             : getBookings -- END
2019-01-25 03:22:40.988  INFO Abhideep-PC
			--- [nio-7191-exec-1] c.o.b.b.c.BookingController              : getBookings -- END
2019-01-25 03:22:40.996  INFO Abhideep-PC
			--- [nio-7191-exec-5] c.o.b.b.c.BookingController              : getBookings -- START
2019-01-25 03:22:41.005  INFO Abhideep-PC
			--- [nio-7191-exec-5] c.o.b.b.s.BookingServiceImpl             : getBookings -- START
2019-01-25 03:22:41.007  INFO Abhideep-PC
			--- [nio-7191-exec-5] c.o.b.b.c.BookingConverter               : entityListToModelList -- START
2019-01-25 03:22:41.007  INFO Abhideep-PC
			--- [nio-7191-exec-5] c.o.b.b.c.BookingConverter               : entityListToModelList -- END
2019-01-25 03:22:41.007  INFO Abhideep-PC
			--- [nio-7191-exec-5] c.o.b.b.s.BookingServiceImpl             : getBookings -- END
2019-01-25 03:22:41.008  INFO Abhideep-PC
			--- [nio-7191-exec-5] c.o.b.b.c.BookingController              : getBookings -- END
2019-01-25 03:23:11.489  INFO Abhideep-PC
			--- [io-7191-exec-10] c.o.b.b.c.BookingController              : getBookings -- START
2019-01-25 03:23:11.495  INFO Abhideep-PC
			--- [io-7191-exec-10] c.o.b.b.s.BookingServiceImpl             : getBookings -- START
2019-01-25 03:23:11.499  INFO Abhideep-PC
			--- [io-7191-exec-10] c.o.b.b.c.BookingConverter               : entityListToModelList -- START
2019-01-25 03:23:11.499  INFO Abhideep-PC
			--- [io-7191-exec-10] c.o.b.b.c.BookingConverter               : entityListToModelList -- END
2019-01-25 03:23:11.499  INFO Abhideep-PC
			--- [io-7191-exec-10] c.o.b.b.s.BookingServiceImpl             : getBookings -- END
2019-01-25 03:23:11.500  INFO Abhideep-PC
			--- [io-7191-exec-10] c.o.b.b.c.BookingController              : getBookings -- END
2019-01-25 03:23:11.508  INFO Abhideep-PC
			--- [nio-7191-exec-6] c.o.b.b.c.BookingController              : getBookings -- START
2019-01-25 03:23:11.516  INFO Abhideep-PC
			--- [nio-7191-exec-6] c.o.b.b.s.BookingServiceImpl             : getBookings -- START
2019-01-25 03:23:11.518  INFO Abhideep-PC
			--- [nio-7191-exec-6] c.o.b.b.c.BookingConverter               : entityListToModelList -- START
2019-01-25 03:23:11.518  INFO Abhideep-PC
			--- [nio-7191-exec-6] c.o.b.b.c.BookingConverter               : entityListToModelList -- END
2019-01-25 03:23:11.518  INFO Abhideep-PC
			--- [nio-7191-exec-6] c.o.b.b.s.BookingServiceImpl             : getBookings -- END
2019-01-25 03:23:11.519  INFO Abhideep-PC
			--- [nio-7191-exec-6] c.o.b.b.c.BookingController              : getBookings -- END
2019-01-25 03:24:00.458  INFO Abhideep-PC
			--- [nio-7191-exec-8] c.o.b.b.c.BookingController              : getBookings -- START
2019-01-25 03:24:00.464  INFO Abhideep-PC
			--- [nio-7191-exec-8] c.o.b.b.s.BookingServiceImpl             : getBookings -- START
2019-01-25 03:24:00.467  INFO Abhideep-PC
			--- [nio-7191-exec-8] c.o.b.b.c.BookingConverter               : entityListToModelList -- START
2019-01-25 03:24:00.467  INFO Abhideep-PC
			--- [nio-7191-exec-8] c.o.b.b.c.BookingConverter               : entityListToModelList -- END
2019-01-25 03:24:00.467  INFO Abhideep-PC
			--- [nio-7191-exec-8] c.o.b.b.s.BookingServiceImpl             : getBookings -- END
2019-01-25 03:24:00.468  INFO Abhideep-PC
			--- [nio-7191-exec-8] c.o.b.b.c.BookingController              : getBookings -- END
2019-01-25 03:24:00.478  INFO Abhideep-PC
			--- [nio-7191-exec-4] c.o.b.b.c.BookingController              : getBookings -- START
2019-01-25 03:24:00.486  INFO Abhideep-PC
			--- [nio-7191-exec-4] c.o.b.b.s.BookingServiceImpl             : getBookings -- START
2019-01-25 03:24:00.488  INFO Abhideep-PC
			--- [nio-7191-exec-4] c.o.b.b.c.BookingConverter               : entityListToModelList -- START
2019-01-25 03:24:00.488  INFO Abhideep-PC
			--- [nio-7191-exec-4] c.o.b.b.c.BookingConverter               : entityListToModelList -- END
2019-01-25 03:24:00.488  INFO Abhideep-PC
			--- [nio-7191-exec-4] c.o.b.b.s.BookingServiceImpl             : getBookings -- END
2019-01-25 03:24:00.489  INFO Abhideep-PC
			--- [nio-7191-exec-4] c.o.b.b.c.BookingController              : getBookings -- END
2019-01-25 03:26:11.893  INFO Abhideep-PC
			--- [nio-7191-exec-7] c.o.b.b.c.BookingController              : getBookings -- START
2019-01-25 03:26:11.900  INFO Abhideep-PC
			--- [nio-7191-exec-7] c.o.b.b.s.BookingServiceImpl             : getBookings -- START
2019-01-25 03:26:11.901  INFO Abhideep-PC
			--- [nio-7191-exec-7] c.o.b.b.c.BookingConverter               : entityListToModelList -- START
2019-01-25 03:26:11.903  INFO Abhideep-PC
			--- [nio-7191-exec-7] c.o.b.b.c.BookingConverter               : entityListToModelList -- END
2019-01-25 03:26:11.914  INFO Abhideep-PC
			--- [nio-7191-exec-7] c.o.b.b.s.BookingServiceImpl             : getBookings -- END
2019-01-25 03:26:11.915  INFO Abhideep-PC
			--- [nio-7191-exec-7] c.o.b.b.c.BookingController              : getBookings -- END
2019-01-25 03:26:11.923  INFO Abhideep-PC
			--- [nio-7191-exec-3] c.o.b.b.c.BookingController              : getBookings -- START
2019-01-25 03:26:11.930  INFO Abhideep-PC
			--- [nio-7191-exec-3] c.o.b.b.s.BookingServiceImpl             : getBookings -- START
2019-01-25 03:26:11.932  INFO Abhideep-PC
			--- [nio-7191-exec-3] c.o.b.b.c.BookingConverter               : entityListToModelList -- START
2019-01-25 03:26:11.932  INFO Abhideep-PC
			--- [nio-7191-exec-3] c.o.b.b.c.BookingConverter               : entityListToModelList -- END
2019-01-25 03:26:11.932  INFO Abhideep-PC
			--- [nio-7191-exec-3] c.o.b.b.s.BookingServiceImpl             : getBookings -- END
2019-01-25 03:26:11.933  INFO Abhideep-PC
			--- [nio-7191-exec-3] c.o.b.b.c.BookingController              : getBookings -- END
2019-01-25 03:26:16.347  INFO Abhideep-PC
			--- [nio-7191-exec-1] c.o.b.b.c.BookingController              : addBooking -- START
2019-01-25 03:26:16.354  INFO Abhideep-PC
			--- [nio-7191-exec-1] c.o.b.b.s.BookingServiceImpl             : addBooking -- START
2019-01-25 03:26:16.366  INFO Abhideep-PC
			--- [nio-7191-exec-1] c.o.b.b.c.BookingController              : Exception in Add Booking -- java.lang.NullPointerException
	at com.orastays.booking.bookingserver.validations.BookingValidation.lambda$0(BookingValidation.java:46)
	at java.util.stream.ForEachOps$ForEachOp$OfRef.accept(Unknown Source)
	at java.util.ArrayList$ArrayListSpliterator.forEachRemaining(Unknown Source)
	at java.util.stream.AbstractPipeline.copyInto(Unknown Source)
	at java.util.stream.ForEachOps$ForEachTask.compute(Unknown Source)
	at java.util.concurrent.CountedCompleter.exec(Unknown Source)
	at java.util.concurrent.ForkJoinTask.doExec(Unknown Source)
	at java.util.concurrent.ForkJoinTask.doInvoke(Unknown Source)
	at java.util.concurrent.ForkJoinTask.invoke(Unknown Source)
	at java.util.stream.ForEachOps$ForEachOp.evaluateParallel(Unknown Source)
	at java.util.stream.ForEachOps$ForEachOp$OfRef.evaluateParallel(Unknown Source)
	at java.util.stream.AbstractPipeline.evaluate(Unknown Source)
	at java.util.stream.ReferencePipeline.forEach(Unknown Source)
	at java.util.stream.ReferencePipeline$Head.forEach(Unknown Source)
	at com.orastays.booking.bookingserver.validations.BookingValidation.validateBookingBeforePayment(BookingValidation.java:45)
	at com.orastays.booking.bookingserver.validations.BookingValidation$$FastClassBySpringCGLIB$$638b0992.invoke(<generated>)
	at org.springframework.cglib.proxy.MethodProxy.invoke(MethodProxy.java:204)
	at org.springframework.aop.framework.CglibAopProxy$CglibMethodInvocation.invokeJoinpoint(CglibAopProxy.java:736)
	at org.springframework.aop.framework.ReflectiveMethodInvocation.proceed(ReflectiveMethodInvocation.java:157)
	at org.springframework.transaction.interceptor.TransactionInterceptor$1.proceedWithInvocation(TransactionInterceptor.java:99)
	at org.springframework.transaction.interceptor.TransactionAspectSupport.invokeWithinTransaction(TransactionAspectSupport.java:282)
	at org.springframework.transaction.interceptor.TransactionInterceptor.invoke(TransactionInterceptor.java:96)
	at org.springframework.aop.framework.ReflectiveMethodInvocation.proceed(ReflectiveMethodInvocation.java:179)
	at org.springframework.aop.framework.CglibAopProxy$DynamicAdvisedInterceptor.intercept(CglibAopProxy.java:671)
	at com.orastays.booking.bookingserver.validations.BookingValidation$$EnhancerBySpringCGLIB$$5e3c732a.validateBookingBeforePayment(<generated>)
	at com.orastays.booking.bookingserver.serviceImpl.BookingServiceImpl.addBooking(BookingServiceImpl.java:150)
	at com.orastays.booking.bookingserver.serviceImpl.BookingServiceImpl$$FastClassBySpringCGLIB$$daaa7d41.invoke(<generated>)
	at org.springframework.cglib.proxy.MethodProxy.invoke(MethodProxy.java:204)
	at org.springframework.aop.framework.CglibAopProxy$CglibMethodInvocation.invokeJoinpoint(CglibAopProxy.java:736)
	at org.springframework.aop.framework.ReflectiveMethodInvocation.proceed(ReflectiveMethodInvocation.java:157)
	at org.springframework.transaction.interceptor.TransactionInterceptor$1.proceedWithInvocation(TransactionInterceptor.java:99)
	at org.springframework.transaction.interceptor.TransactionAspectSupport.invokeWithinTransaction(TransactionAspectSupport.java:282)
	at org.springframework.transaction.interceptor.TransactionInterceptor.invoke(TransactionInterceptor.java:96)
	at org.springframework.aop.framework.ReflectiveMethodInvocation.proceed(ReflectiveMethodInvocation.java:179)
	at org.springframework.aop.framework.CglibAopProxy$DynamicAdvisedInterceptor.intercept(CglibAopProxy.java:671)
	at com.orastays.booking.bookingserver.serviceImpl.BookingServiceImpl$$EnhancerBySpringCGLIB$$f4ad1397.addBooking(<generated>)
	at com.orastays.booking.bookingserver.controller.BookingController.addBooking(BookingController.java:79)
	at sun.reflect.NativeMethodAccessorImpl.invoke0(Native Method)
	at sun.reflect.NativeMethodAccessorImpl.invoke(Unknown Source)
	at sun.reflect.DelegatingMethodAccessorImpl.invoke(Unknown Source)
	at java.lang.reflect.Method.invoke(Unknown Source)
	at org.springframework.web.method.support.InvocableHandlerMethod.doInvoke(InvocableHandlerMethod.java:205)
	at org.springframework.web.method.support.InvocableHandlerMethod.invokeForRequest(InvocableHandlerMethod.java:133)
	at org.springframework.web.servlet.mvc.method.annotation.ServletInvocableHandlerMethod.invokeAndHandle(ServletInvocableHandlerMethod.java:97)
	at org.springframework.web.servlet.mvc.method.annotation.RequestMappingHandlerAdapter.invokeHandlerMethod(RequestMappingHandlerAdapter.java:827)
	at org.springframework.web.servlet.mvc.method.annotation.RequestMappingHandlerAdapter.handleInternal(RequestMappingHandlerAdapter.java:738)
	at org.springframework.web.servlet.mvc.method.AbstractHandlerMethodAdapter.handle(AbstractHandlerMethodAdapter.java:85)
	at org.springframework.web.servlet.DispatcherServlet.doDispatch(DispatcherServlet.java:967)
	at org.springframework.web.servlet.DispatcherServlet.doService(DispatcherServlet.java:901)
	at org.springframework.web.servlet.FrameworkServlet.processRequest(FrameworkServlet.java:970)
	at org.springframework.web.servlet.FrameworkServlet.doPost(FrameworkServlet.java:872)
	at javax.servlet.http.HttpServlet.service(HttpServlet.java:661)
	at org.springframework.web.servlet.FrameworkServlet.service(FrameworkServlet.java:846)
	at javax.servlet.http.HttpServlet.service(HttpServlet.java:742)
	at org.apache.catalina.core.ApplicationFilterChain.internalDoFilter(ApplicationFilterChain.java:231)
	at org.apache.catalina.core.ApplicationFilterChain.doFilter(ApplicationFilterChain.java:166)
	at org.apache.tomcat.websocket.server.WsFilter.doFilter(WsFilter.java:52)
	at org.apache.catalina.core.ApplicationFilterChain.internalDoFilter(ApplicationFilterChain.java:193)
	at org.apache.catalina.core.ApplicationFilterChain.doFilter(ApplicationFilterChain.java:166)
	at org.springframework.web.filter.RequestContextFilter.doFilterInternal(RequestContextFilter.java:99)
	at org.springframework.web.filter.OncePerRequestFilter.doFilter(OncePerRequestFilter.java:107)
	at org.apache.catalina.core.ApplicationFilterChain.internalDoFilter(ApplicationFilterChain.java:193)
	at org.apache.catalina.core.ApplicationFilterChain.doFilter(ApplicationFilterChain.java:166)
	at org.springframework.web.filter.HttpPutFormContentFilter.doFilterInternal(HttpPutFormContentFilter.java:109)
	at org.springframework.web.filter.OncePerRequestFilter.doFilter(OncePerRequestFilter.java:107)
	at org.apache.catalina.core.ApplicationFilterChain.internalDoFilter(ApplicationFilterChain.java:193)
	at org.apache.catalina.core.ApplicationFilterChain.doFilter(ApplicationFilterChain.java:166)
	at org.springframework.web.filter.HiddenHttpMethodFilter.doFilterInternal(HiddenHttpMethodFilter.java:93)
	at org.springframework.web.filter.OncePerRequestFilter.doFilter(OncePerRequestFilter.java:107)
	at org.apache.catalina.core.ApplicationFilterChain.internalDoFilter(ApplicationFilterChain.java:193)
	at org.apache.catalina.core.ApplicationFilterChain.doFilter(ApplicationFilterChain.java:166)
	at org.springframework.cloud.sleuth.instrument.web.TraceFilter.doFilter(TraceFilter.java:166)
	at org.apache.catalina.core.ApplicationFilterChain.internalDoFilter(ApplicationFilterChain.java:193)
	at org.apache.catalina.core.ApplicationFilterChain.doFilter(ApplicationFilterChain.java:166)
	at org.springframework.web.filter.CharacterEncodingFilter.doFilterInternal(CharacterEncodingFilter.java:197)
	at org.springframework.web.filter.OncePerRequestFilter.doFilter(OncePerRequestFilter.java:107)
	at org.apache.catalina.core.ApplicationFilterChain.internalDoFilter(ApplicationFilterChain.java:193)
	at org.apache.catalina.core.ApplicationFilterChain.doFilter(ApplicationFilterChain.java:166)
	at org.apache.catalina.core.StandardWrapperValve.invoke(StandardWrapperValve.java:198)
	at org.apache.catalina.core.StandardContextValve.invoke(StandardContextValve.java:96)
	at org.apache.catalina.authenticator.AuthenticatorBase.invoke(AuthenticatorBase.java:493)
	at org.apache.catalina.core.StandardHostValve.invoke(StandardHostValve.java:140)
	at org.apache.catalina.valves.ErrorReportValve.invoke(ErrorReportValve.java:81)
	at org.apache.catalina.core.StandardEngineValve.invoke(StandardEngineValve.java:87)
	at org.apache.catalina.connector.CoyoteAdapter.service(CoyoteAdapter.java:342)
	at org.apache.coyote.http11.Http11Processor.service(Http11Processor.java:800)
	at org.apache.coyote.AbstractProcessorLight.process(AbstractProcessorLight.java:66)
	at org.apache.coyote.AbstractProtocol$ConnectionHandler.process(AbstractProtocol.java:800)
	at org.apache.tomcat.util.net.NioEndpoint$SocketProcessor.doRun(NioEndpoint.java:1471)
	at org.apache.tomcat.util.net.SocketProcessorBase.run(SocketProcessorBase.java:49)
	at java.util.concurrent.ThreadPoolExecutor.runWorker(Unknown Source)
	at java.util.concurrent.ThreadPoolExecutor$Worker.run(Unknown Source)
	at org.apache.tomcat.util.threads.TaskThread$WrappingRunnable.run(TaskThread.java:61)
	at java.lang.Thread.run(Unknown Source)

2019-01-25 03:26:16.367  INFO Abhideep-PC
			--- [nio-7191-exec-1] c.o.b.b.c.BookingController              : addBooking -- END
2019-01-25 03:26:40.652  INFO Abhideep-PC
			--- [nio-7191-exec-5] c.o.b.b.c.BookingController              : getBookings -- START
2019-01-25 03:26:40.660  INFO Abhideep-PC
			--- [nio-7191-exec-5] c.o.b.b.s.BookingServiceImpl             : getBookings -- START
2019-01-25 03:26:40.661  INFO Abhideep-PC
			--- [nio-7191-exec-5] c.o.b.b.c.BookingConverter               : entityListToModelList -- START
2019-01-25 03:26:40.661  INFO Abhideep-PC
			--- [nio-7191-exec-5] c.o.b.b.c.BookingConverter               : entityListToModelList -- END
2019-01-25 03:26:40.662  INFO Abhideep-PC
			--- [nio-7191-exec-5] c.o.b.b.s.BookingServiceImpl             : getBookings -- END
2019-01-25 03:26:40.662  INFO Abhideep-PC
			--- [nio-7191-exec-5] c.o.b.b.c.BookingController              : getBookings -- END
2019-01-25 03:26:40.668  INFO Abhideep-PC
			--- [nio-7191-exec-9] c.o.b.b.c.BookingController              : getBookings -- START
2019-01-25 03:26:40.676  INFO Abhideep-PC
			--- [nio-7191-exec-9] c.o.b.b.s.BookingServiceImpl             : getBookings -- START
2019-01-25 03:26:40.677  INFO Abhideep-PC
			--- [nio-7191-exec-9] c.o.b.b.c.BookingConverter               : entityListToModelList -- START
2019-01-25 03:26:40.678  INFO Abhideep-PC
			--- [nio-7191-exec-9] c.o.b.b.c.BookingConverter               : entityListToModelList -- END
2019-01-25 03:26:40.678  INFO Abhideep-PC
			--- [nio-7191-exec-9] c.o.b.b.s.BookingServiceImpl             : getBookings -- END
2019-01-25 03:26:40.679  INFO Abhideep-PC
			--- [nio-7191-exec-9] c.o.b.b.c.BookingController              : getBookings -- END
2019-01-25 03:26:57.074  INFO Abhideep-PC
			--- [nio-7191-exec-6] c.o.b.b.c.BookingController              : addBooking -- START
2019-01-25 03:26:57.092  INFO Abhideep-PC
			--- [nio-7191-exec-6] c.o.b.b.s.BookingServiceImpl             : addBooking -- START
2019-01-25 03:26:57.094  INFO Abhideep-PC
			--- [nio-7191-exec-6] c.o.b.b.c.BookingController              : Exception in Add Booking -- java.lang.NullPointerException
	at com.orastays.booking.bookingserver.validations.BookingValidation.lambda$0(BookingValidation.java:46)
	at java.util.stream.ForEachOps$ForEachOp$OfRef.accept(Unknown Source)
	at java.util.ArrayList$ArrayListSpliterator.forEachRemaining(Unknown Source)
	at java.util.stream.AbstractPipeline.copyInto(Unknown Source)
	at java.util.stream.ForEachOps$ForEachTask.compute(Unknown Source)
	at java.util.concurrent.CountedCompleter.exec(Unknown Source)
	at java.util.concurrent.ForkJoinTask.doExec(Unknown Source)
	at java.util.concurrent.ForkJoinTask.doInvoke(Unknown Source)
	at java.util.concurrent.ForkJoinTask.invoke(Unknown Source)
	at java.util.stream.ForEachOps$ForEachOp.evaluateParallel(Unknown Source)
	at java.util.stream.ForEachOps$ForEachOp$OfRef.evaluateParallel(Unknown Source)
	at java.util.stream.AbstractPipeline.evaluate(Unknown Source)
	at java.util.stream.ReferencePipeline.forEach(Unknown Source)
	at java.util.stream.ReferencePipeline$Head.forEach(Unknown Source)
	at com.orastays.booking.bookingserver.validations.BookingValidation.validateBookingBeforePayment(BookingValidation.java:45)
	at com.orastays.booking.bookingserver.validations.BookingValidation$$FastClassBySpringCGLIB$$638b0992.invoke(<generated>)
	at org.springframework.cglib.proxy.MethodProxy.invoke(MethodProxy.java:204)
	at org.springframework.aop.framework.CglibAopProxy$CglibMethodInvocation.invokeJoinpoint(CglibAopProxy.java:736)
	at org.springframework.aop.framework.ReflectiveMethodInvocation.proceed(ReflectiveMethodInvocation.java:157)
	at org.springframework.transaction.interceptor.TransactionInterceptor$1.proceedWithInvocation(TransactionInterceptor.java:99)
	at org.springframework.transaction.interceptor.TransactionAspectSupport.invokeWithinTransaction(TransactionAspectSupport.java:282)
	at org.springframework.transaction.interceptor.TransactionInterceptor.invoke(TransactionInterceptor.java:96)
	at org.springframework.aop.framework.ReflectiveMethodInvocation.proceed(ReflectiveMethodInvocation.java:179)
	at org.springframework.aop.framework.CglibAopProxy$DynamicAdvisedInterceptor.intercept(CglibAopProxy.java:671)
	at com.orastays.booking.bookingserver.validations.BookingValidation$$EnhancerBySpringCGLIB$$5e3c732a.validateBookingBeforePayment(<generated>)
	at com.orastays.booking.bookingserver.serviceImpl.BookingServiceImpl.addBooking(BookingServiceImpl.java:150)
	at com.orastays.booking.bookingserver.serviceImpl.BookingServiceImpl$$FastClassBySpringCGLIB$$daaa7d41.invoke(<generated>)
	at org.springframework.cglib.proxy.MethodProxy.invoke(MethodProxy.java:204)
	at org.springframework.aop.framework.CglibAopProxy$CglibMethodInvocation.invokeJoinpoint(CglibAopProxy.java:736)
	at org.springframework.aop.framework.ReflectiveMethodInvocation.proceed(ReflectiveMethodInvocation.java:157)
	at org.springframework.transaction.interceptor.TransactionInterceptor$1.proceedWithInvocation(TransactionInterceptor.java:99)
	at org.springframework.transaction.interceptor.TransactionAspectSupport.invokeWithinTransaction(TransactionAspectSupport.java:282)
	at org.springframework.transaction.interceptor.TransactionInterceptor.invoke(TransactionInterceptor.java:96)
	at org.springframework.aop.framework.ReflectiveMethodInvocation.proceed(ReflectiveMethodInvocation.java:179)
	at org.springframework.aop.framework.CglibAopProxy$DynamicAdvisedInterceptor.intercept(CglibAopProxy.java:671)
	at com.orastays.booking.bookingserver.serviceImpl.BookingServiceImpl$$EnhancerBySpringCGLIB$$f4ad1397.addBooking(<generated>)
	at com.orastays.booking.bookingserver.controller.BookingController.addBooking(BookingController.java:79)
	at sun.reflect.NativeMethodAccessorImpl.invoke0(Native Method)
	at sun.reflect.NativeMethodAccessorImpl.invoke(Unknown Source)
	at sun.reflect.DelegatingMethodAccessorImpl.invoke(Unknown Source)
	at java.lang.reflect.Method.invoke(Unknown Source)
	at org.springframework.web.method.support.InvocableHandlerMethod.doInvoke(InvocableHandlerMethod.java:205)
	at org.springframework.web.method.support.InvocableHandlerMethod.invokeForRequest(InvocableHandlerMethod.java:133)
	at org.springframework.web.servlet.mvc.method.annotation.ServletInvocableHandlerMethod.invokeAndHandle(ServletInvocableHandlerMethod.java:97)
	at org.springframework.web.servlet.mvc.method.annotation.RequestMappingHandlerAdapter.invokeHandlerMethod(RequestMappingHandlerAdapter.java:827)
	at org.springframework.web.servlet.mvc.method.annotation.RequestMappingHandlerAdapter.handleInternal(RequestMappingHandlerAdapter.java:738)
	at org.springframework.web.servlet.mvc.method.AbstractHandlerMethodAdapter.handle(AbstractHandlerMethodAdapter.java:85)
	at org.springframework.web.servlet.DispatcherServlet.doDispatch(DispatcherServlet.java:967)
	at org.springframework.web.servlet.DispatcherServlet.doService(DispatcherServlet.java:901)
	at org.springframework.web.servlet.FrameworkServlet.processRequest(FrameworkServlet.java:970)
	at org.springframework.web.servlet.FrameworkServlet.doPost(FrameworkServlet.java:872)
	at javax.servlet.http.HttpServlet.service(HttpServlet.java:661)
	at org.springframework.web.servlet.FrameworkServlet.service(FrameworkServlet.java:846)
	at javax.servlet.http.HttpServlet.service(HttpServlet.java:742)
	at org.apache.catalina.core.ApplicationFilterChain.internalDoFilter(ApplicationFilterChain.java:231)
	at org.apache.catalina.core.ApplicationFilterChain.doFilter(ApplicationFilterChain.java:166)
	at org.apache.tomcat.websocket.server.WsFilter.doFilter(WsFilter.java:52)
	at org.apache.catalina.core.ApplicationFilterChain.internalDoFilter(ApplicationFilterChain.java:193)
	at org.apache.catalina.core.ApplicationFilterChain.doFilter(ApplicationFilterChain.java:166)
	at org.springframework.web.filter.RequestContextFilter.doFilterInternal(RequestContextFilter.java:99)
	at org.springframework.web.filter.OncePerRequestFilter.doFilter(OncePerRequestFilter.java:107)
	at org.apache.catalina.core.ApplicationFilterChain.internalDoFilter(ApplicationFilterChain.java:193)
	at org.apache.catalina.core.ApplicationFilterChain.doFilter(ApplicationFilterChain.java:166)
	at org.springframework.web.filter.HttpPutFormContentFilter.doFilterInternal(HttpPutFormContentFilter.java:109)
	at org.springframework.web.filter.OncePerRequestFilter.doFilter(OncePerRequestFilter.java:107)
	at org.apache.catalina.core.ApplicationFilterChain.internalDoFilter(ApplicationFilterChain.java:193)
	at org.apache.catalina.core.ApplicationFilterChain.doFilter(ApplicationFilterChain.java:166)
	at org.springframework.web.filter.HiddenHttpMethodFilter.doFilterInternal(HiddenHttpMethodFilter.java:93)
	at org.springframework.web.filter.OncePerRequestFilter.doFilter(OncePerRequestFilter.java:107)
	at org.apache.catalina.core.ApplicationFilterChain.internalDoFilter(ApplicationFilterChain.java:193)
	at org.apache.catalina.core.ApplicationFilterChain.doFilter(ApplicationFilterChain.java:166)
	at org.springframework.cloud.sleuth.instrument.web.TraceFilter.doFilter(TraceFilter.java:166)
	at org.apache.catalina.core.ApplicationFilterChain.internalDoFilter(ApplicationFilterChain.java:193)
	at org.apache.catalina.core.ApplicationFilterChain.doFilter(ApplicationFilterChain.java:166)
	at org.springframework.web.filter.CharacterEncodingFilter.doFilterInternal(CharacterEncodingFilter.java:197)
	at org.springframework.web.filter.OncePerRequestFilter.doFilter(OncePerRequestFilter.java:107)
	at org.apache.catalina.core.ApplicationFilterChain.internalDoFilter(ApplicationFilterChain.java:193)
	at org.apache.catalina.core.ApplicationFilterChain.doFilter(ApplicationFilterChain.java:166)
	at org.apache.catalina.core.StandardWrapperValve.invoke(StandardWrapperValve.java:198)
	at org.apache.catalina.core.StandardContextValve.invoke(StandardContextValve.java:96)
	at org.apache.catalina.authenticator.AuthenticatorBase.invoke(AuthenticatorBase.java:493)
	at org.apache.catalina.core.StandardHostValve.invoke(StandardHostValve.java:140)
	at org.apache.catalina.valves.ErrorReportValve.invoke(ErrorReportValve.java:81)
	at org.apache.catalina.core.StandardEngineValve.invoke(StandardEngineValve.java:87)
	at org.apache.catalina.connector.CoyoteAdapter.service(CoyoteAdapter.java:342)
	at org.apache.coyote.http11.Http11Processor.service(Http11Processor.java:800)
	at org.apache.coyote.AbstractProcessorLight.process(AbstractProcessorLight.java:66)
	at org.apache.coyote.AbstractProtocol$ConnectionHandler.process(AbstractProtocol.java:800)
	at org.apache.tomcat.util.net.NioEndpoint$SocketProcessor.doRun(NioEndpoint.java:1471)
	at org.apache.tomcat.util.net.SocketProcessorBase.run(SocketProcessorBase.java:49)
	at java.util.concurrent.ThreadPoolExecutor.runWorker(Unknown Source)
	at java.util.concurrent.ThreadPoolExecutor$Worker.run(Unknown Source)
	at org.apache.tomcat.util.threads.TaskThread$WrappingRunnable.run(TaskThread.java:61)
	at java.lang.Thread.run(Unknown Source)

2019-01-25 03:26:57.095  INFO Abhideep-PC
			--- [nio-7191-exec-6] c.o.b.b.c.BookingController              : addBooking -- END
