2019-01-22 02:04:53.050  INFO Abhideep-PC
			--- [nio-7191-exec-1] c.o.b.b.c.BookingController              : getBookings -- START
2019-01-22 02:04:53.078  INFO Abhideep-PC
			--- [nio-7191-exec-1] c.o.b.b.s.BookingServiceImpl             : getBookings -- START
2019-01-22 02:04:53.257  INFO Abhideep-PC
			--- [nio-7191-exec-1] c.o.b.b.c.BookingConverter               : entityListToModelList -- START
2019-01-22 02:04:53.257  INFO Abhideep-PC
			--- [nio-7191-exec-1] c.o.b.b.c.BookingConverter               : entityListToModelList -- END
2019-01-22 02:04:53.258  INFO Abhideep-PC
			--- [nio-7191-exec-1] c.o.b.b.s.BookingServiceImpl             : getBookings -- END
2019-01-22 02:04:53.264  INFO Abhideep-PC
			--- [nio-7191-exec-1] c.o.b.b.c.BookingController              : getBookings -- END
2019-01-22 02:05:23.574  INFO Abhideep-PC
			--- [nio-7191-exec-2] c.o.b.b.c.BookingController              : getBookings -- START
2019-01-22 02:05:23.586  INFO Abhideep-PC
			--- [nio-7191-exec-2] c.o.b.b.s.BookingServiceImpl             : getBookings -- START
2019-01-22 02:05:23.589  INFO Abhideep-PC
			--- [nio-7191-exec-2] c.o.b.b.c.BookingConverter               : entityListToModelList -- START
2019-01-22 02:05:23.590  INFO Abhideep-PC
			--- [nio-7191-exec-2] c.o.b.b.c.BookingConverter               : entityListToModelList -- END
2019-01-22 02:05:23.590  INFO Abhideep-PC
			--- [nio-7191-exec-2] c.o.b.b.s.BookingServiceImpl             : getBookings -- END
2019-01-22 02:05:23.591  INFO Abhideep-PC
			--- [nio-7191-exec-2] c.o.b.b.c.BookingController              : getBookings -- END
2019-01-22 02:06:14.314  INFO Abhideep-PC
			--- [nio-7191-exec-4] c.o.b.b.c.BookingController              : getBookings -- START
2019-01-22 02:06:14.324  INFO Abhideep-PC
			--- [nio-7191-exec-4] c.o.b.b.s.BookingServiceImpl             : getBookings -- START
2019-01-22 02:06:14.327  INFO Abhideep-PC
			--- [nio-7191-exec-4] c.o.b.b.c.BookingConverter               : entityListToModelList -- START
2019-01-22 02:06:14.327  INFO Abhideep-PC
			--- [nio-7191-exec-4] c.o.b.b.c.BookingConverter               : entityListToModelList -- END
2019-01-22 02:06:14.328  INFO Abhideep-PC
			--- [nio-7191-exec-4] c.o.b.b.s.BookingServiceImpl             : getBookings -- END
2019-01-22 02:06:14.330  INFO Abhideep-PC
			--- [nio-7191-exec-4] c.o.b.b.c.BookingController              : getBookings -- END
2019-01-22 02:07:44.003  INFO Abhideep-PC
			--- [nio-7191-exec-5] c.o.b.b.c.BookingController              : getBookings -- START
2019-01-22 02:07:44.011  INFO Abhideep-PC
			--- [nio-7191-exec-5] c.o.b.b.s.BookingServiceImpl             : getBookings -- START
2019-01-22 02:07:44.014  INFO Abhideep-PC
			--- [nio-7191-exec-5] c.o.b.b.c.BookingConverter               : entityListToModelList -- START
2019-01-22 02:07:44.014  INFO Abhideep-PC
			--- [nio-7191-exec-5] c.o.b.b.c.BookingConverter               : entityListToModelList -- END
2019-01-22 02:07:44.014  INFO Abhideep-PC
			--- [nio-7191-exec-5] c.o.b.b.s.BookingServiceImpl             : getBookings -- END
2019-01-22 02:07:44.015  INFO Abhideep-PC
			--- [nio-7191-exec-5] c.o.b.b.c.BookingController              : getBookings -- END
