2019-01-24 00:12:15.964  INFO Abhideep-PC
			--- [nio-7191-exec-2] c.o.b.b.c.BookingController              : getBookings -- START
2019-01-24 00:12:15.993  INFO Abhideep-PC
			--- [nio-7191-exec-2] c.o.b.b.s.BookingServiceImpl             : getBookings -- START
2019-01-24 00:12:16.174  INFO Abhideep-PC
			--- [nio-7191-exec-2] c.o.b.b.c.BookingConverter               : entityListToModelList -- START
2019-01-24 00:12:16.174  INFO Abhideep-PC
			--- [nio-7191-exec-2] c.o.b.b.c.BookingConverter               : entityListToModelList -- END
2019-01-24 00:12:16.174  INFO Abhideep-PC
			--- [nio-7191-exec-2] c.o.b.b.s.BookingServiceImpl             : getBookings -- END
2019-01-24 00:12:16.178  INFO Abhideep-PC
			--- [nio-7191-exec-2] c.o.b.b.c.BookingController              : getBookings -- END
2019-01-24 00:13:02.503  INFO Abhideep-PC
			--- [nio-7191-exec-1] c.o.b.b.c.BookingController              : getBookings -- START
2019-01-24 00:13:02.514  INFO Abhideep-PC
			--- [nio-7191-exec-1] c.o.b.b.s.BookingServiceImpl             : getBookings -- START
2019-01-24 00:13:02.523  INFO Abhideep-PC
			--- [nio-7191-exec-1] c.o.b.b.c.BookingConverter               : entityListToModelList -- START
2019-01-24 00:13:02.523  INFO Abhideep-PC
			--- [nio-7191-exec-1] c.o.b.b.c.BookingConverter               : entityListToModelList -- END
2019-01-24 00:13:02.523  INFO Abhideep-PC
			--- [nio-7191-exec-1] c.o.b.b.s.BookingServiceImpl             : getBookings -- END
2019-01-24 00:13:02.524  INFO Abhideep-PC
			--- [nio-7191-exec-1] c.o.b.b.c.BookingController              : getBookings -- END
2019-01-24 00:14:51.835  INFO Abhideep-PC
			--- [nio-7191-exec-3] c.o.b.b.c.BookingController              : getBookings -- START
2019-01-24 00:14:51.845  INFO Abhideep-PC
			--- [nio-7191-exec-3] c.o.b.b.s.BookingServiceImpl             : getBookings -- START
2019-01-24 00:14:51.850  INFO Abhideep-PC
			--- [nio-7191-exec-3] c.o.b.b.c.BookingConverter               : entityListToModelList -- START
2019-01-24 00:14:51.850  INFO Abhideep-PC
			--- [nio-7191-exec-3] c.o.b.b.c.BookingConverter               : entityListToModelList -- END
2019-01-24 00:14:51.850  INFO Abhideep-PC
			--- [nio-7191-exec-3] c.o.b.b.s.BookingServiceImpl             : getBookings -- END
2019-01-24 00:14:51.852  INFO Abhideep-PC
			--- [nio-7191-exec-3] c.o.b.b.c.BookingController              : getBookings -- END
2019-01-24 00:16:57.399  INFO Abhideep-PC
			--- [nio-7191-exec-4] c.o.b.b.c.BookingController              : getBookings -- START
2019-01-24 00:16:57.408  INFO Abhideep-PC
			--- [nio-7191-exec-4] c.o.b.b.s.BookingServiceImpl             : getBookings -- START
2019-01-24 00:16:57.412  INFO Abhideep-PC
			--- [nio-7191-exec-4] c.o.b.b.c.BookingConverter               : entityListToModelList -- START
2019-01-24 00:16:57.412  INFO Abhideep-PC
			--- [nio-7191-exec-4] c.o.b.b.c.BookingConverter               : entityListToModelList -- END
2019-01-24 00:16:57.412  INFO Abhideep-PC
			--- [nio-7191-exec-4] c.o.b.b.s.BookingServiceImpl             : getBookings -- END
2019-01-24 00:16:57.413  INFO Abhideep-PC
			--- [nio-7191-exec-4] c.o.b.b.c.BookingController              : getBookings -- END
2019-01-24 00:21:22.512  INFO Abhideep-PC
			--- [nio-7191-exec-5] c.o.b.b.c.BookingController              : getBookings -- START
2019-01-24 00:21:22.525  INFO Abhideep-PC
			--- [nio-7191-exec-5] c.o.b.b.s.BookingServiceImpl             : getBookings -- START
2019-01-24 00:21:22.528  INFO Abhideep-PC
			--- [nio-7191-exec-5] c.o.b.b.c.BookingConverter               : entityListToModelList -- START
2019-01-24 00:21:22.528  INFO Abhideep-PC
			--- [nio-7191-exec-5] c.o.b.b.c.BookingConverter               : entityListToModelList -- END
2019-01-24 00:21:22.528  INFO Abhideep-PC
			--- [nio-7191-exec-5] c.o.b.b.s.BookingServiceImpl             : getBookings -- END
2019-01-24 00:21:22.529  INFO Abhideep-PC
			--- [nio-7191-exec-5] c.o.b.b.c.BookingController              : getBookings -- END
2019-01-24 00:30:00.790  INFO Abhideep-PC
			--- [nio-7191-exec-6] c.o.b.b.c.BookingController              : getBookings -- START
2019-01-24 00:30:00.800  INFO Abhideep-PC
			--- [nio-7191-exec-6] c.o.b.b.s.BookingServiceImpl             : getBookings -- START
2019-01-24 00:30:00.803  INFO Abhideep-PC
			--- [nio-7191-exec-6] c.o.b.b.c.BookingConverter               : entityListToModelList -- START
2019-01-24 00:30:00.803  INFO Abhideep-PC
			--- [nio-7191-exec-6] c.o.b.b.c.BookingConverter               : entityListToModelList -- END
2019-01-24 00:30:00.803  INFO Abhideep-PC
			--- [nio-7191-exec-6] c.o.b.b.s.BookingServiceImpl             : getBookings -- END
2019-01-24 00:30:00.804  INFO Abhideep-PC
			--- [nio-7191-exec-6] c.o.b.b.c.BookingController              : getBookings -- END
2019-01-24 00:30:37.805  INFO Abhideep-PC
			--- [nio-7191-exec-7] c.o.b.b.c.BookingController              : getBookings -- START
2019-01-24 00:30:37.823  INFO Abhideep-PC
			--- [nio-7191-exec-7] c.o.b.b.s.BookingServiceImpl             : getBookings -- START
2019-01-24 00:30:37.824  INFO Abhideep-PC
			--- [nio-7191-exec-7] c.o.b.b.c.BookingConverter               : entityListToModelList -- START
2019-01-24 00:30:37.824  INFO Abhideep-PC
			--- [nio-7191-exec-7] c.o.b.b.c.BookingConverter               : entityListToModelList -- END
2019-01-24 00:30:37.825  INFO Abhideep-PC
			--- [nio-7191-exec-7] c.o.b.b.s.BookingServiceImpl             : getBookings -- END
2019-01-24 00:30:37.826  INFO Abhideep-PC
			--- [nio-7191-exec-7] c.o.b.b.c.BookingController              : getBookings -- END
2019-01-24 00:32:58.788  INFO Abhideep-PC
			--- [nio-7191-exec-8] c.o.b.b.c.BookingController              : getBookings -- START
2019-01-24 00:32:58.799  INFO Abhideep-PC
			--- [nio-7191-exec-8] c.o.b.b.s.BookingServiceImpl             : getBookings -- START
2019-01-24 00:32:58.801  INFO Abhideep-PC
			--- [nio-7191-exec-8] c.o.b.b.c.BookingConverter               : entityListToModelList -- START
2019-01-24 00:32:58.801  INFO Abhideep-PC
			--- [nio-7191-exec-8] c.o.b.b.c.BookingConverter               : entityListToModelList -- END
2019-01-24 00:32:58.801  INFO Abhideep-PC
			--- [nio-7191-exec-8] c.o.b.b.s.BookingServiceImpl             : getBookings -- END
2019-01-24 00:32:58.803  INFO Abhideep-PC
			--- [nio-7191-exec-8] c.o.b.b.c.BookingController              : getBookings -- END
2019-01-24 00:33:04.225  INFO Abhideep-PC
			--- [io-7191-exec-10] c.o.b.b.c.BookingController              : getBookings -- START
2019-01-24 00:33:04.242  INFO Abhideep-PC
			--- [io-7191-exec-10] c.o.b.b.s.BookingServiceImpl             : getBookings -- START
2019-01-24 00:33:04.245  INFO Abhideep-PC
			--- [io-7191-exec-10] c.o.b.b.c.BookingConverter               : entityListToModelList -- START
2019-01-24 00:33:04.245  INFO Abhideep-PC
			--- [io-7191-exec-10] c.o.b.b.c.BookingConverter               : entityListToModelList -- END
2019-01-24 00:33:04.245  INFO Abhideep-PC
			--- [io-7191-exec-10] c.o.b.b.s.BookingServiceImpl             : getBookings -- END
2019-01-24 00:33:04.247  INFO Abhideep-PC
			--- [io-7191-exec-10] c.o.b.b.c.BookingController              : getBookings -- END
2019-01-24 00:34:47.024  INFO Abhideep-PC
			--- [nio-7191-exec-2] c.o.b.b.c.BookingController              : getBookings -- START
2019-01-24 00:34:47.031  INFO Abhideep-PC
			--- [nio-7191-exec-2] c.o.b.b.s.BookingServiceImpl             : getBookings -- START
2019-01-24 00:34:47.034  INFO Abhideep-PC
			--- [nio-7191-exec-2] c.o.b.b.c.BookingConverter               : entityListToModelList -- START
2019-01-24 00:34:47.034  INFO Abhideep-PC
			--- [nio-7191-exec-2] c.o.b.b.c.BookingConverter               : entityListToModelList -- END
2019-01-24 00:34:47.034  INFO Abhideep-PC
			--- [nio-7191-exec-2] c.o.b.b.s.BookingServiceImpl             : getBookings -- END
2019-01-24 00:34:47.035  INFO Abhideep-PC
			--- [nio-7191-exec-2] c.o.b.b.c.BookingController              : getBookings -- END
2019-01-24 00:35:21.382  INFO Abhideep-PC
			--- [nio-7191-exec-1] c.o.b.b.c.BookingController              : getBookings -- START
2019-01-24 00:35:21.397  INFO Abhideep-PC
			--- [nio-7191-exec-1] c.o.b.b.s.BookingServiceImpl             : getBookings -- START
2019-01-24 00:35:21.399  INFO Abhideep-PC
			--- [nio-7191-exec-1] c.o.b.b.c.BookingConverter               : entityListToModelList -- START
2019-01-24 00:35:21.399  INFO Abhideep-PC
			--- [nio-7191-exec-1] c.o.b.b.c.BookingConverter               : entityListToModelList -- END
2019-01-24 00:35:21.399  INFO Abhideep-PC
			--- [nio-7191-exec-1] c.o.b.b.s.BookingServiceImpl             : getBookings -- END
2019-01-24 00:35:21.400  INFO Abhideep-PC
			--- [nio-7191-exec-1] c.o.b.b.c.BookingController              : getBookings -- END
2019-01-24 00:40:46.876  INFO Abhideep-PC
			--- [nio-7191-exec-3] c.o.b.b.c.BookingController              : getBookings -- START
2019-01-24 00:40:46.884  INFO Abhideep-PC
			--- [nio-7191-exec-3] c.o.b.b.s.BookingServiceImpl             : getBookings -- START
2019-01-24 00:40:46.886  INFO Abhideep-PC
			--- [nio-7191-exec-3] c.o.b.b.c.BookingConverter               : entityListToModelList -- START
2019-01-24 00:40:46.886  INFO Abhideep-PC
			--- [nio-7191-exec-3] c.o.b.b.c.BookingConverter               : entityListToModelList -- END
2019-01-24 00:40:46.886  INFO Abhideep-PC
			--- [nio-7191-exec-3] c.o.b.b.s.BookingServiceImpl             : getBookings -- END
2019-01-24 00:40:46.887  INFO Abhideep-PC
			--- [nio-7191-exec-3] c.o.b.b.c.BookingController              : getBookings -- END
2019-01-24 00:42:33.059  INFO Abhideep-PC
			--- [nio-7191-exec-4] c.o.b.b.c.BookingController              : getBookings -- START
2019-01-24 00:42:33.067  INFO Abhideep-PC
			--- [nio-7191-exec-4] c.o.b.b.s.BookingServiceImpl             : getBookings -- START
2019-01-24 00:42:33.070  INFO Abhideep-PC
			--- [nio-7191-exec-4] c.o.b.b.c.BookingConverter               : entityListToModelList -- START
2019-01-24 00:42:33.070  INFO Abhideep-PC
			--- [nio-7191-exec-4] c.o.b.b.c.BookingConverter               : entityListToModelList -- END
2019-01-24 00:42:33.070  INFO Abhideep-PC
			--- [nio-7191-exec-4] c.o.b.b.s.BookingServiceImpl             : getBookings -- END
2019-01-24 00:42:33.071  INFO Abhideep-PC
			--- [nio-7191-exec-4] c.o.b.b.c.BookingController              : getBookings -- END
2019-01-24 00:47:15.385  INFO Abhideep-PC
			--- [nio-7191-exec-5] c.o.b.b.c.BookingController              : getBookings -- START
2019-01-24 00:47:15.392  INFO Abhideep-PC
			--- [nio-7191-exec-5] c.o.b.b.s.BookingServiceImpl             : getBookings -- START
2019-01-24 00:47:15.395  INFO Abhideep-PC
			--- [nio-7191-exec-5] c.o.b.b.c.BookingConverter               : entityListToModelList -- START
2019-01-24 00:47:15.395  INFO Abhideep-PC
			--- [nio-7191-exec-5] c.o.b.b.c.BookingConverter               : entityListToModelList -- END
2019-01-24 00:47:15.395  INFO Abhideep-PC
			--- [nio-7191-exec-5] c.o.b.b.s.BookingServiceImpl             : getBookings -- END
2019-01-24 00:47:15.396  INFO Abhideep-PC
			--- [nio-7191-exec-5] c.o.b.b.c.BookingController              : getBookings -- END
2019-01-24 01:10:54.738  INFO Abhideep-PC
			--- [nio-7191-exec-6] c.o.b.b.c.BookingController              : getBookings -- START
2019-01-24 01:10:54.747  INFO Abhideep-PC
			--- [nio-7191-exec-6] c.o.b.b.s.BookingServiceImpl             : getBookings -- START
2019-01-24 01:10:54.751  INFO Abhideep-PC
			--- [nio-7191-exec-6] c.o.b.b.c.BookingConverter               : entityListToModelList -- START
2019-01-24 01:10:54.751  INFO Abhideep-PC
			--- [nio-7191-exec-6] c.o.b.b.c.BookingConverter               : entityListToModelList -- END
2019-01-24 01:10:54.751  INFO Abhideep-PC
			--- [nio-7191-exec-6] c.o.b.b.s.BookingServiceImpl             : getBookings -- END
2019-01-24 01:10:54.752  INFO Abhideep-PC
			--- [nio-7191-exec-6] c.o.b.b.c.BookingController              : getBookings -- END
2019-01-24 01:15:10.210  INFO Abhideep-PC
			--- [nio-7191-exec-7] c.o.b.b.c.BookingController              : getBookings -- START
2019-01-24 01:15:10.221  INFO Abhideep-PC
			--- [nio-7191-exec-7] c.o.b.b.s.BookingServiceImpl             : getBookings -- START
2019-01-24 01:15:10.224  INFO Abhideep-PC
			--- [nio-7191-exec-7] c.o.b.b.c.BookingConverter               : entityListToModelList -- START
2019-01-24 01:15:10.224  INFO Abhideep-PC
			--- [nio-7191-exec-7] c.o.b.b.c.BookingConverter               : entityListToModelList -- END
2019-01-24 01:15:10.224  INFO Abhideep-PC
			--- [nio-7191-exec-7] c.o.b.b.s.BookingServiceImpl             : getBookings -- END
2019-01-24 01:15:10.225  INFO Abhideep-PC
			--- [nio-7191-exec-7] c.o.b.b.c.BookingController              : getBookings -- END
2019-01-24 01:20:24.159  INFO Abhideep-PC
			--- [nio-7191-exec-8] c.o.b.b.c.BookingController              : getBookings -- START
2019-01-24 01:20:24.166  INFO Abhideep-PC
			--- [nio-7191-exec-8] c.o.b.b.s.BookingServiceImpl             : getBookings -- START
2019-01-24 01:20:24.167  INFO Abhideep-PC
			--- [nio-7191-exec-8] c.o.b.b.c.BookingConverter               : entityListToModelList -- START
2019-01-24 01:20:24.167  INFO Abhideep-PC
			--- [nio-7191-exec-8] c.o.b.b.c.BookingConverter               : entityListToModelList -- END
2019-01-24 01:20:24.167  INFO Abhideep-PC
			--- [nio-7191-exec-8] c.o.b.b.s.BookingServiceImpl             : getBookings -- END
2019-01-24 01:20:24.168  INFO Abhideep-PC
			--- [nio-7191-exec-8] c.o.b.b.c.BookingController              : getBookings -- END
2019-01-24 01:23:09.216  INFO Abhideep-PC
			--- [nio-7191-exec-9] c.o.b.b.c.BookingController              : getBookings -- START
2019-01-24 01:23:09.223  INFO Abhideep-PC
			--- [nio-7191-exec-9] c.o.b.b.s.BookingServiceImpl             : getBookings -- START
2019-01-24 01:23:09.225  INFO Abhideep-PC
			--- [nio-7191-exec-9] c.o.b.b.c.BookingConverter               : entityListToModelList -- START
2019-01-24 01:23:09.225  INFO Abhideep-PC
			--- [nio-7191-exec-9] c.o.b.b.c.BookingConverter               : entityListToModelList -- END
2019-01-24 01:23:09.225  INFO Abhideep-PC
			--- [nio-7191-exec-9] c.o.b.b.s.BookingServiceImpl             : getBookings -- END
2019-01-24 01:23:09.226  INFO Abhideep-PC
			--- [nio-7191-exec-9] c.o.b.b.c.BookingController              : getBookings -- END
2019-01-24 01:24:36.370  INFO Abhideep-PC
			--- [io-7191-exec-10] c.o.b.b.c.BookingController              : getBookings -- START
2019-01-24 01:24:36.379  INFO Abhideep-PC
			--- [io-7191-exec-10] c.o.b.b.s.BookingServiceImpl             : getBookings -- START
2019-01-24 01:24:36.380  INFO Abhideep-PC
			--- [io-7191-exec-10] c.o.b.b.c.BookingConverter               : entityListToModelList -- START
2019-01-24 01:24:36.380  INFO Abhideep-PC
			--- [io-7191-exec-10] c.o.b.b.c.BookingConverter               : entityListToModelList -- END
2019-01-24 01:24:36.380  INFO Abhideep-PC
			--- [io-7191-exec-10] c.o.b.b.s.BookingServiceImpl             : getBookings -- END
2019-01-24 01:24:36.381  INFO Abhideep-PC
			--- [io-7191-exec-10] c.o.b.b.c.BookingController              : getBookings -- END
2019-01-24 01:28:04.543  INFO Abhideep-PC
			--- [nio-7191-exec-2] c.o.b.b.c.BookingController              : getBookings -- START
2019-01-24 01:28:04.550  INFO Abhideep-PC
			--- [nio-7191-exec-2] c.o.b.b.s.BookingServiceImpl             : getBookings -- START
2019-01-24 01:28:04.552  INFO Abhideep-PC
			--- [nio-7191-exec-2] c.o.b.b.c.BookingConverter               : entityListToModelList -- START
2019-01-24 01:28:04.552  INFO Abhideep-PC
			--- [nio-7191-exec-2] c.o.b.b.c.BookingConverter               : entityListToModelList -- END
2019-01-24 01:28:04.552  INFO Abhideep-PC
			--- [nio-7191-exec-2] c.o.b.b.s.BookingServiceImpl             : getBookings -- END
2019-01-24 01:28:04.553  INFO Abhideep-PC
			--- [nio-7191-exec-2] c.o.b.b.c.BookingController              : getBookings -- END
2019-01-24 01:28:32.104  INFO Abhideep-PC
			--- [nio-7191-exec-1] c.o.b.b.c.BookingController              : getBookings -- START
2019-01-24 01:28:32.115  INFO Abhideep-PC
			--- [nio-7191-exec-1] c.o.b.b.s.BookingServiceImpl             : getBookings -- START
2019-01-24 01:28:32.117  INFO Abhideep-PC
			--- [nio-7191-exec-1] c.o.b.b.c.BookingConverter               : entityListToModelList -- START
2019-01-24 01:28:32.118  INFO Abhideep-PC
			--- [nio-7191-exec-1] c.o.b.b.c.BookingConverter               : entityListToModelList -- END
2019-01-24 01:28:32.118  INFO Abhideep-PC
			--- [nio-7191-exec-1] c.o.b.b.s.BookingServiceImpl             : getBookings -- END
2019-01-24 01:28:32.120  INFO Abhideep-PC
			--- [nio-7191-exec-1] c.o.b.b.c.BookingController              : getBookings -- END
2019-01-24 01:30:16.255  INFO Abhideep-PC
			--- [nio-7191-exec-3] c.o.b.b.c.BookingController              : getBookings -- START
2019-01-24 01:30:16.262  INFO Abhideep-PC
			--- [nio-7191-exec-3] c.o.b.b.s.BookingServiceImpl             : getBookings -- START
2019-01-24 01:30:16.263  INFO Abhideep-PC
			--- [nio-7191-exec-3] c.o.b.b.c.BookingConverter               : entityListToModelList -- START
2019-01-24 01:30:16.263  INFO Abhideep-PC
			--- [nio-7191-exec-3] c.o.b.b.c.BookingConverter               : entityListToModelList -- END
2019-01-24 01:30:16.263  INFO Abhideep-PC
			--- [nio-7191-exec-3] c.o.b.b.s.BookingServiceImpl             : getBookings -- END
2019-01-24 01:30:16.264  INFO Abhideep-PC
			--- [nio-7191-exec-3] c.o.b.b.c.BookingController              : getBookings -- END
2019-01-24 01:39:11.958  INFO Abhideep-PC
			--- [nio-7191-exec-4] c.o.b.b.c.BookingController              : getBookings -- START
2019-01-24 01:39:11.965  INFO Abhideep-PC
			--- [nio-7191-exec-4] c.o.b.b.s.BookingServiceImpl             : getBookings -- START
2019-01-24 01:39:11.967  INFO Abhideep-PC
			--- [nio-7191-exec-4] c.o.b.b.c.BookingConverter               : entityListToModelList -- START
2019-01-24 01:39:11.967  INFO Abhideep-PC
			--- [nio-7191-exec-4] c.o.b.b.c.BookingConverter               : entityListToModelList -- END
2019-01-24 01:39:11.967  INFO Abhideep-PC
			--- [nio-7191-exec-4] c.o.b.b.s.BookingServiceImpl             : getBookings -- END
2019-01-24 01:39:11.968  INFO Abhideep-PC
			--- [nio-7191-exec-4] c.o.b.b.c.BookingController              : getBookings -- END
2019-01-24 01:40:56.794  INFO Abhideep-PC
			--- [nio-7191-exec-5] c.o.b.b.c.BookingController              : getBookings -- START
2019-01-24 01:40:56.804  INFO Abhideep-PC
			--- [nio-7191-exec-5] c.o.b.b.s.BookingServiceImpl             : getBookings -- START
2019-01-24 01:40:56.807  INFO Abhideep-PC
			--- [nio-7191-exec-5] c.o.b.b.c.BookingConverter               : entityListToModelList -- START
2019-01-24 01:40:56.807  INFO Abhideep-PC
			--- [nio-7191-exec-5] c.o.b.b.c.BookingConverter               : entityListToModelList -- END
2019-01-24 01:40:56.807  INFO Abhideep-PC
			--- [nio-7191-exec-5] c.o.b.b.s.BookingServiceImpl             : getBookings -- END
2019-01-24 01:40:56.808  INFO Abhideep-PC
			--- [nio-7191-exec-5] c.o.b.b.c.BookingController              : getBookings -- END
