2019-01-13 09:53:15.917  INFO Abhideep-PC
			--- [nio-7191-exec-2] c.o.b.b.c.BookingController              : getBookings -- START
2019-01-13 09:53:15.945  INFO Abhideep-PC
			--- [nio-7191-exec-2] c.o.b.b.s.BookingServiceImpl             : getBookings -- START
2019-01-13 09:53:15.946  INFO Abhideep-PC
			--- [nio-7191-exec-2] c.o.b.b.c.BookingConverter               : entityListToModelList -- START
2019-01-13 09:53:15.947  INFO Abhideep-PC
			--- [nio-7191-exec-2] c.o.b.b.c.BookingConverter               : entityListToModelList -- END
2019-01-13 09:53:15.947  INFO Abhideep-PC
			--- [nio-7191-exec-2] c.o.b.b.s.BookingServiceImpl             : getBookings -- END
2019-01-13 09:53:15.948  INFO Abhideep-PC
			--- [nio-7191-exec-2] c.o.b.b.c.BookingController              : getBookings -- END
2019-01-13 09:55:09.488  INFO Abhideep-PC
			--- [nio-7191-exec-4] c.o.b.b.c.BookingController              : getBookings -- START
2019-01-13 09:55:09.495  INFO Abhideep-PC
			--- [nio-7191-exec-4] c.o.b.b.s.BookingServiceImpl             : getBookings -- START
2019-01-13 09:55:09.496  INFO Abhideep-PC
			--- [nio-7191-exec-4] c.o.b.b.c.BookingConverter               : entityListToModelList -- START
2019-01-13 09:55:09.496  INFO Abhideep-PC
			--- [nio-7191-exec-4] c.o.b.b.c.BookingConverter               : entityListToModelList -- END
2019-01-13 09:55:09.496  INFO Abhideep-PC
			--- [nio-7191-exec-4] c.o.b.b.s.BookingServiceImpl             : getBookings -- END
2019-01-13 09:55:09.498  INFO Abhideep-PC
			--- [nio-7191-exec-4] c.o.b.b.c.BookingController              : getBookings -- END
